<?xml version="1.0" encoding="UTF-8"?>
<robot generator="Robot 7.4 (Python 3.14.2 on win32)" generated="2025-12-21T21:45:17.931065" rpa="false" schemaversion="5">
<suite id="s1" name="allTests" source="C:\Users\simon\awa\fs-testing\robot-tests\tests\allTests.robot">
<kw name="Suite Initialization" owner="keywords" type="SETUP">
<kw name="Delete Test Users" owner="keywords">
<kw name="Create Session" owner="RequestsLibrary">
<msg time="2025-12-21T21:45:18.209947" level="INFO">Creating Session using : alias=backend, url=http://localhost:8000, headers={},                     cookies={}, auth=None, timeout=None, proxies=None, verify=False,                     debug=0 </msg>
<arg>backend</arg>
<arg>${BACKEND_URL}</arg>
<doc>Create Session: create a HTTP session to a server</doc>
<status status="PASS" start="2025-12-21T21:45:18.209772" elapsed="0.000349"/>
</kw>
<kw name="DELETE On Session" owner="RequestsLibrary">
<msg time="2025-12-21T21:45:18.227308" level="INFO">DELETE Request : url=http://localhost:8000/api/test/user/testuser 
 path_url=/api/test/user/testuser 
 headers={'User-Agent': 'python-requests/2.32.5', 'Accept-Encoding': 'gzip, deflate, zstd', 'Accept': '*/*', 'Connection': 'keep-alive', 'Content-Length': '0'} 
 body=None 
 </msg>
<msg time="2025-12-21T21:45:18.227443" level="INFO">DELETE Response : url=http://localhost:8000/api/test/user/testuser 
 status=200, reason=OK 
 headers={'X-Powered-By': 'Express', 'Access-Control-Allow-Origin': 'http://localhost:5173', 'Vary': 'Origin', 'Access-Control-Allow-Credentials': 'true', 'Content-Type': 'application/json; charset=utf-8', 'Content-Length': '31', 'ETag': 'W/"1f-djpAgSZq4dTmh3GYHWqw+P3dv7g"', 'Date': 'Sun, 21 Dec 2025 19:45:18 GMT', 'Connection': 'keep-alive', 'Keep-Alive': 'timeout=5'} 
 body={"message":"Test user deleted"} 
 </msg>
<arg>backend</arg>
<arg>/api/test/user/${TEST_USER}</arg>
<doc>Sends a DELETE request on a previously created HTTP Session.</doc>
<status status="PASS" start="2025-12-21T21:45:18.210247" elapsed="0.017268"/>
</kw>
<status status="PASS" start="2025-12-21T21:45:18.209264" elapsed="0.018365"/>
</kw>
<kw name="Reset Messages" owner="keywords">
<kw name="Create Session" owner="RequestsLibrary">
<msg time="2025-12-21T21:45:18.228206" level="INFO">Creating Session using : alias=backend, url=http://localhost:8000, headers={},                     cookies={}, auth=None, timeout=None, proxies=None, verify=False,                     debug=0 </msg>
<arg>backend</arg>
<arg>${BACKEND_URL}</arg>
<doc>Create Session: create a HTTP session to a server</doc>
<status status="PASS" start="2025-12-21T21:45:18.228041" elapsed="0.000287"/>
</kw>
<kw name="DELETE On Session" owner="RequestsLibrary">
<msg time="2025-12-21T21:45:18.232171" level="INFO">DELETE Request : url=http://localhost:8000/api/messages/reset 
 path_url=/api/messages/reset 
 headers={'User-Agent': 'python-requests/2.32.5', 'Accept-Encoding': 'gzip, deflate, zstd', 'Accept': '*/*', 'Connection': 'keep-alive', 'Content-Length': '0'} 
 body=None 
 </msg>
<msg time="2025-12-21T21:45:18.232249" level="INFO">DELETE Response : url=http://localhost:8000/api/messages/reset 
 status=200, reason=OK 
 headers={'X-Powered-By': 'Express', 'Access-Control-Allow-Origin': 'http://localhost:5173', 'Vary': 'Origin', 'Access-Control-Allow-Credentials': 'true', 'Content-Type': 'application/json; charset=utf-8', 'Content-Length': '61', 'ETag': 'W/"3d-LQdzdB522DNyuta/ng3TZdHbWps"', 'Date': 'Sun, 21 Dec 2025 19:45:18 GMT', 'Connection': 'keep-alive', 'Keep-Alive': 'timeout=5'} 
 body={"success":true,"message":"All messages deleted for testing"} 
 </msg>
<arg>backend</arg>
<arg>/api/messages/reset</arg>
<doc>Sends a DELETE request on a previously created HTTP Session.</doc>
<status status="PASS" start="2025-12-21T21:45:18.228411" elapsed="0.003913"/>
</kw>
<status status="PASS" start="2025-12-21T21:45:18.227783" elapsed="0.004617"/>
</kw>
<kw name="New Browser" owner="Browser">
<msg time="2025-12-21T21:45:18.233116" level="INFO">{"browser": "chromium", "headless": true, "chromiumSandbox": false, "devtools": false, "handleSIGHUP": true, "handleSIGINT": true, "handleSIGTERM": true, "slowMo": 0.0, "timeout": 30000.0, "tracesDir": "C:\\Users\\simon\\awa\\fs-testing\\browser\\traces\\temp\\6567c51f-5f5c-4451-ba4a-fe7721d8a6c6"}</msg>
<msg time="2025-12-21T21:45:18.258742" level="INFO">Starting Browser process C:\Users\simon\AppData\Local\Programs\Python\Python314\Lib\site-packages\Browser\wrapper\index.js using at 127.0.0.1:55333</msg>
<msg time="2025-12-21T21:45:19.430864" level="INFO">Successfully created browser with options: {"browser":"chromium","headless":true,"chromiumSandbox":false,"devtools":false,"handleSIGHUP":true,"handleSIGINT":true,"handleSIGTERM":true,"slowMo":0,"timeout":30000,"tracesDir":"C:\\Users\\simon\\awa\\fs-testing\\browser\\traces\\temp\\6567c51f-5f5c-4451-ba4a-fe7721d8a6c6"}</msg>
<arg>${BROWSER}</arg>
<tag>BrowserControl</tag>
<tag>Setter</tag>
<doc>Create a new playwright Browser with specified options.</doc>
<status status="PASS" start="2025-12-21T21:45:18.232501" elapsed="1.198665"/>
</kw>
<kw name="New Context" owner="Browser">
<msg time="2025-12-21T21:45:19.432777" level="INFO">{
  "acceptDownloads": true,
  "bypassCSP": false,
  "forcedColors": "none",
  "ignoreHTTPSErrors": false,
  "javaScriptEnabled": true,
  "offline": false,
  "reducedMotion": "no-preference",
  "serviceWorkers": "allow",
  "viewport": {
    "height": 720,
    "width": 1280
  }
}</msg>
<msg time="2025-12-21T21:45:19.445313" level="INFO">Successfully created context. </msg>
<msg time="2025-12-21T21:45:19.445437" level="INFO">{'acceptDownloads': True, 'bypassCSP': False, 'forcedColors': 'none', 'ignoreHTTPSErrors': False, 'javaScriptEnabled': True, 'offline': False, 'reducedMotion': 'no-preference', 'serviceWorkers': 'allow', 'viewport': {'height': 720, 'width': 1280}}</msg>
<tag>BrowserControl</tag>
<tag>Setter</tag>
<doc>Create a new BrowserContext with specified options.</doc>
<status status="PASS" start="2025-12-21T21:45:19.431414" elapsed="0.014116"/>
</kw>
<kw name="New Page" owner="Browser">
<msg time="2025-12-21T21:45:19.543150" level="INFO">Successfully initialized new page object and opened url: about:blank</msg>
<tag>BrowserControl</tag>
<tag>Setter</tag>
<doc>Open a new Page.</doc>
<status status="PASS" start="2025-12-21T21:45:19.445790" elapsed="0.097532"/>
</kw>
<status status="PASS" start="2025-12-21T21:45:18.208935" elapsed="1.334484"/>
</kw>
<test id="s1-t1" name="Register New User" line="11">
<kw name="Go To" owner="Browser">
<msg time="2025-12-21T21:45:20.087940" level="INFO">Successfully opened URL http://localhost:5173/register</msg>
<arg>${FRONTEND_URL}/register</arg>
<tag>BrowserControl</tag>
<tag>Setter</tag>
<doc>Navigates to the given ``url``.</doc>
<status status="PASS" start="2025-12-21T21:45:19.554373" elapsed="0.533870"/>
</kw>
<kw name="Fill Text" owner="Browser">
<msg time="2025-12-21T21:45:20.089338" level="INFO">Fills the text 'testuser' in the given field.</msg>
<arg>css=[data-cy="username-input"]</arg>
<arg>${TEST_USER}</arg>
<tag>PageContent</tag>
<tag>Setter</tag>
<doc>Clears and fills the given ``txt`` into the text field found by ``selector``.</doc>
<status status="PASS" start="2025-12-21T21:45:20.088758" elapsed="0.108337"/>
</kw>
<kw name="Fill Text" owner="Browser">
<msg time="2025-12-21T21:45:20.198414" level="INFO">Fills the text 'password123' in the given field.</msg>
<arg>css=[data-cy="password-input"]</arg>
<arg>${TEST_PASSWORD}</arg>
<tag>PageContent</tag>
<tag>Setter</tag>
<doc>Clears and fills the given ``txt`` into the text field found by ``selector``.</doc>
<status status="PASS" start="2025-12-21T21:45:20.197637" elapsed="0.032551"/>
</kw>
<kw name="Click" owner="Browser">
<msg time="2025-12-21T21:45:20.231019" level="INFO">Clicks the element 'role=button[name="Register"]'.</msg>
<arg>role=button[name="Register"]</arg>
<tag>PageContent</tag>
<tag>Setter</tag>
<doc>Simulates mouse click on the element found by ``selector``.</doc>
<status status="PASS" start="2025-12-21T21:45:20.230525" elapsed="0.063760"/>
</kw>
<kw name="Wait For Navigation" owner="Browser">
<arg>**/login</arg>
<tag>HTTP</tag>
<tag>Wait</tag>
<doc>Waits until page has navigated to given ``url``.</doc>
<status status="PASS" start="2025-12-21T21:45:20.294687" elapsed="0.051935"/>
</kw>
<status status="PASS" start="2025-12-21T21:45:19.543499" elapsed="0.803540"/>
</test>
<test id="s1-t2" name="Login User" line="23">
<kw name="Go To" owner="Browser">
<msg time="2025-12-21T21:45:20.416301" level="INFO">Successfully opened URL http://localhost:5173/login</msg>
<arg>${FRONTEND_URL}/login</arg>
<tag>BrowserControl</tag>
<tag>Setter</tag>
<doc>Navigates to the given ``url``.</doc>
<status status="PASS" start="2025-12-21T21:45:20.358803" elapsed="0.058147"/>
</kw>
<kw name="Fill Text" owner="Browser">
<msg time="2025-12-21T21:45:20.418196" level="INFO">Fills the text 'testuser' in the given field.</msg>
<arg>css=[data-cy="login-username"]</arg>
<arg>${TEST_USER}</arg>
<tag>PageContent</tag>
<tag>Setter</tag>
<doc>Clears and fills the given ``txt`` into the text field found by ``selector``.</doc>
<status status="PASS" start="2025-12-21T21:45:20.417613" elapsed="0.074658"/>
</kw>
<kw name="Fill Text" owner="Browser">
<msg time="2025-12-21T21:45:20.493341" level="INFO">Fills the text 'password123' in the given field.</msg>
<arg>css=[data-cy="login-password"]</arg>
<arg>${TEST_PASSWORD}</arg>
<tag>PageContent</tag>
<tag>Setter</tag>
<doc>Clears and fills the given ``txt`` into the text field found by ``selector``.</doc>
<status status="PASS" start="2025-12-21T21:45:20.492815" elapsed="0.024594"/>
</kw>
<kw name="Click" owner="Browser">
<msg time="2025-12-21T21:45:20.518814" level="INFO">Clicks the element 'role=button[name="Login"]'.</msg>
<arg>role=button[name="Login"]</arg>
<tag>PageContent</tag>
<tag>Setter</tag>
<doc>Simulates mouse click on the element found by ``selector``.</doc>
<status status="PASS" start="2025-12-21T21:45:20.518117" elapsed="0.043851"/>
</kw>
<kw name="Wait For Navigation" owner="Browser">
<arg>${FRONTEND_URL}/</arg>
<tag>HTTP</tag>
<tag>Wait</tag>
<doc>Waits until page has navigated to given ``url``.</doc>
<status status="PASS" start="2025-12-21T21:45:20.562360" elapsed="0.099851"/>
</kw>
<status status="PASS" start="2025-12-21T21:45:20.354210" elapsed="0.308531"/>
</test>
<test id="s1-t3" name="Create Message" line="36">
<kw name="Go To" owner="Browser">
<msg time="2025-12-21T21:45:20.755797" level="INFO">Successfully opened URL http://localhost:5173/getforminput</msg>
<arg>${FRONTEND_URL}/getforminput</arg>
<tag>BrowserControl</tag>
<tag>Setter</tag>
<doc>Navigates to the given ``url``.</doc>
<status status="PASS" start="2025-12-21T21:45:20.686366" elapsed="0.069608"/>
</kw>
<kw name="Fill Text" owner="Browser">
<msg time="2025-12-21T21:45:20.757374" level="INFO">Fills the text 'Robot Title' in the given field.</msg>
<arg>css=[data-cy="message-title"]</arg>
<arg>Robot Title</arg>
<tag>PageContent</tag>
<tag>Setter</tag>
<doc>Clears and fills the given ``txt`` into the text field found by ``selector``.</doc>
<status status="PASS" start="2025-12-21T21:45:20.756525" elapsed="0.045859"/>
</kw>
<kw name="Fill Text" owner="Browser">
<msg time="2025-12-21T21:45:20.803426" level="INFO">Fills the text 'Robot Content' in the given field.</msg>
<arg>css=[data-cy="message-content"]</arg>
<arg>Robot Content</arg>
<tag>PageContent</tag>
<tag>Setter</tag>
<doc>Clears and fills the given ``txt`` into the text field found by ``selector``.</doc>
<status status="PASS" start="2025-12-21T21:45:20.802945" elapsed="0.009491"/>
</kw>
<kw name="Click" owner="Browser">
<msg time="2025-12-21T21:45:20.813234" level="INFO">Clicks the element 'css=[data-cy="submit-message"]'.</msg>
<arg>css=[data-cy="submit-message"]</arg>
<tag>PageContent</tag>
<tag>Setter</tag>
<doc>Simulates mouse click on the element found by ``selector``.</doc>
<status status="PASS" start="2025-12-21T21:45:20.812761" elapsed="0.037390"/>
</kw>
<kw name="Wait For Elements State" owner="Browser">
<msg time="2025-12-21T21:45:20.902660" level="INFO">Waited for Element with selector text=Robot Title at state visible</msg>
<arg>text=Robot Title</arg>
<arg>visible</arg>
<tag>PageContent</tag>
<tag>Wait</tag>
<doc>Waits for the element found by ``selector`` to satisfy state option.</doc>
<status status="PASS" start="2025-12-21T21:45:20.850565" elapsed="0.052239"/>
</kw>
<kw name="Wait For Elements State" owner="Browser">
<msg time="2025-12-21T21:45:20.907853" level="INFO">Waited for Element with selector text=Robot Content at state visible</msg>
<arg>text=Robot Content</arg>
<arg>visible</arg>
<tag>PageContent</tag>
<tag>Wait</tag>
<doc>Waits for the element found by ``selector`` to satisfy state option.</doc>
<status status="PASS" start="2025-12-21T21:45:20.903196" elapsed="0.004753"/>
</kw>
<status status="PASS" start="2025-12-21T21:45:20.673508" elapsed="0.234654"/>
</test>
<test id="s1-t4" name="Update Message" line="46">
<kw name="Click" owner="Browser">
<msg time="2025-12-21T21:45:20.915232" level="INFO">Clicks the element 'css=[data-cy="edit-message"]'.</msg>
<arg>css=[data-cy="edit-message"]</arg>
<tag>PageContent</tag>
<tag>Setter</tag>
<doc>Simulates mouse click on the element found by ``selector``.</doc>
<status status="PASS" start="2025-12-21T21:45:20.914666" elapsed="0.041527"/>
</kw>
<kw name="Fill Text" owner="Browser">
<msg time="2025-12-21T21:45:20.956994" level="INFO">Fills the text 'Updated Robot Title' in the given field.</msg>
<arg>css=[data-cy="edit-title"]</arg>
<arg>Updated Robot Title</arg>
<tag>PageContent</tag>
<tag>Setter</tag>
<doc>Clears and fills the given ``txt`` into the text field found by ``selector``.</doc>
<status status="PASS" start="2025-12-21T21:45:20.956519" elapsed="0.016733"/>
</kw>
<kw name="Fill Text" owner="Browser">
<msg time="2025-12-21T21:45:20.974183" level="INFO">Fills the text 'Updated Robot Content' in the given field.</msg>
<arg>css=[data-cy="edit-content"]</arg>
<arg>Updated Robot Content</arg>
<tag>PageContent</tag>
<tag>Setter</tag>
<doc>Clears and fills the given ``txt`` into the text field found by ``selector``.</doc>
<status status="PASS" start="2025-12-21T21:45:20.973595" elapsed="0.011206"/>
</kw>
<kw name="Click" owner="Browser">
<msg time="2025-12-21T21:45:20.985691" level="INFO">Clicks the element 'css=[data-cy="save-message"]'.</msg>
<arg>css=[data-cy="save-message"]</arg>
<tag>PageContent</tag>
<tag>Setter</tag>
<doc>Simulates mouse click on the element found by ``selector``.</doc>
<status status="PASS" start="2025-12-21T21:45:20.985169" elapsed="0.048334"/>
</kw>
<kw name="Wait For Elements State" owner="Browser">
<msg time="2025-12-21T21:45:21.071549" level="INFO">Waited for Element with selector text=Updated Robot Title at state visible</msg>
<arg>text=Updated Robot Title</arg>
<arg>visible</arg>
<tag>PageContent</tag>
<tag>Wait</tag>
<doc>Waits for the element found by ``selector`` to satisfy state option.</doc>
<status status="PASS" start="2025-12-21T21:45:21.034004" elapsed="0.037691"/>
</kw>
<status status="PASS" start="2025-12-21T21:45:20.911876" elapsed="0.160092"/>
</test>
<test id="s1-t5" name="Delete Message" line="56">
<kw name="Click" owner="Browser">
<msg time="2025-12-21T21:45:21.077694" level="INFO">Clicks the element 'css=[data-cy="delete-message"]'.</msg>
<arg>css=[data-cy="delete-message"]</arg>
<tag>PageContent</tag>
<tag>Setter</tag>
<doc>Simulates mouse click on the element found by ``selector``.</doc>
<status status="PASS" start="2025-12-21T21:45:21.077238" elapsed="0.019595"/>
</kw>
<kw name="Wait For Elements State" owner="Browser">
<msg time="2025-12-21T21:45:21.133068" level="INFO">Waited for Element with selector text=Updated Robot Title at state hidden</msg>
<arg>text=Updated Robot Title</arg>
<arg>hidden</arg>
<tag>PageContent</tag>
<tag>Wait</tag>
<doc>Waits for the element found by ``selector`` to satisfy state option.</doc>
<status status="PASS" start="2025-12-21T21:45:21.097389" elapsed="0.035847"/>
</kw>
<status status="PASS" start="2025-12-21T21:45:21.075100" elapsed="0.058662"/>
</test>
<test id="s1-t6" name="Posts Should Load And Render Data" line="61">
<kw name="Go To" owner="Browser">
<msg time="2025-12-21T21:45:21.193045" level="INFO">Successfully opened URL http://localhost:5173/posts</msg>
<arg>${POSTS_URL}</arg>
<tag>BrowserControl</tag>
<tag>Setter</tag>
<doc>Navigates to the given ``url``.</doc>
<status status="PASS" start="2025-12-21T21:45:21.139633" elapsed="0.053595"/>
</kw>
<kw name="Wait For Elements State" owner="Browser">
<msg time="2025-12-21T21:45:21.234520" level="INFO">Waited for Element with selector css=[data-cy="posts-heading"] at state visible</msg>
<arg>css=[data-cy="posts-heading"]</arg>
<arg>visible</arg>
<tag>PageContent</tag>
<tag>Wait</tag>
<doc>Waits for the element found by ``selector`` to satisfy state option.</doc>
<status status="PASS" start="2025-12-21T21:45:21.193660" elapsed="0.041005"/>
</kw>
<kw name="Run Keyword And Ignore Error" owner="BuiltIn">
<kw name="Wait For Elements State" owner="Browser">
<msg time="2025-12-21T21:45:21.238997" level="INFO">Waited for Element with selector text=Loading... at state visible</msg>
<arg>text=Loading...</arg>
<arg>visible</arg>
<arg>2s</arg>
<tag>PageContent</tag>
<tag>Wait</tag>
<doc>Waits for the element found by ``selector`` to satisfy state option.</doc>
<status status="PASS" start="2025-12-21T21:45:21.235447" elapsed="0.003645"/>
</kw>
<arg>Wait For Elements State</arg>
<arg>text=Loading...</arg>
<arg>visible</arg>
<arg>2s</arg>
<doc>Runs the given keyword with the given arguments and ignores possible error.</doc>
<status status="PASS" start="2025-12-21T21:45:21.235011" elapsed="0.004151"/>
</kw>
<kw name="Get Elements" owner="Browser">
<msg time="2025-12-21T21:45:23.100431" level="INFO">Found locator('h3').first(),locator('h3').nth(1),locator('h3').nth(2),locator('h3').nth(3),locator('h3').nth(4),locator('h3').nth(5),locator('h3').nth(6),locator('h3').nth(7),locator('h3').nth(8),locator('h3').nth(9),locator('h3').nth(10),locator('h3').nth(11),locator('h3').nth(12),locator('h3').nth(13),locator('h3').nth(14),locator('h3').nth(15),locator('h3').nth(16),locator('h3').nth(17),locator('h3').nth(18),locator('h3').nth(19),locator('h3').nth(20),locator('h3').nth(21),locator('h3').nth(22),locator('h3').nth(23),locator('h3').nth(24),locator('h3').nth(25),locator('h3').nth(26),locator('h3').nth(27),locator('h3').nth(28),locator('h3').nth(29),locator('h3').nth(30),locator('h3').nth(31),locator('h3').nth(32),locator('h3').nth(33),locator('h3').nth(34),locator('h3').nth(35),locator('h3').nth(36),locator('h3').nth(37),locator('h3').nth(38),locator('h3').nth(39),locator('h3').nth(40),locator('h3').nth(41),locator('h3').nth(42),locator('h3').nth(43),locator('h3').nth(44),locator('h3').nth(45),locator('h3').nth(46),locator('h3').nth(47),locator('h3').nth(48),locator('h3').nth(49),locator('h3').nth(50),locator('h3').nth(51),locator('h3').nth(52),locator('h3').nth(53),locator('h3').nth(54),locator('h3').nth(55),locator('h3').nth(56),locator('h3').nth(57),locator('h3').nth(58),locator('h3').nth(59),locator('h3').nth(60),locator('h3').nth(61),locator('h3').nth(62),locator('h3').nth(63),locator('h3').nth(64),locator('h3').nth(65),locator('h3').nth(66),locator('h3').nth(67),locator('h3').nth(68),locator('h3').nth(69),locator('h3').nth(70),locator('h3').nth(71),locator('h3').nth(72),locator('h3').nth(73),locator('h3').nth(74),locator('h3').nth(75),locator('h3').nth(76),locator('h3').nth(77),locator('h3').nth(78),locator('h3').nth(79),locator('h3').nth(80),locator('h3').nth(81),locator('h3').nth(82),locator('h3').nth(83),locator('h3').nth(84),locator('h3').nth(85),locator('h3').nth(86),locator('h3').nth(87),locator('h3').nth(88),locator('h3').nth(89),locator('h3').nth(90),locator('h3').nth(91),locator('h3').nth(92),locator('h3').nth(93),locator('h3').nth(94),locator('h3').nth(95),locator('h3').nth(96),locator('h3').nth(97),locator('h3').nth(98),locator('h3').nth(99) Locators successfully.</msg>
<msg time="2025-12-21T21:45:23.100703" level="INFO">${titles} = ['css=h3 &gt;&gt; nth=0', 'css=h3 &gt;&gt; nth=1', 'css=h3 &gt;&gt; nth=2', 'css=h3 &gt;&gt; nth=3', 'css=h3 &gt;&gt; nth=4', 'css=h3 &gt;&gt; nth=5', 'css=h3 &gt;&gt; nth=6', 'css=h3 &gt;&gt; nth=7', 'css=h3 &gt;&gt; nth=8', 'css=h3 &gt;&gt; nth=9', 'css=h3 &gt;...</msg>
<var>${titles}</var>
<arg>css=h3</arg>
<tag>Getter</tag>
<tag>PageContent</tag>
<doc>Returns a reference to Playwright [https://playwright.dev/docs/api/class-locator|Locator]
for all matched elements by ``selector``.</doc>
<status status="PASS" start="2025-12-21T21:45:21.239430" elapsed="1.861301"/>
</kw>
<kw name="Should Not Be Empty" owner="BuiltIn">
<msg time="2025-12-21T21:45:23.101649" level="INFO">Length is 100.</msg>
<arg>${titles}</arg>
<doc>Verifies that the given item is not empty.</doc>
<status status="PASS" start="2025-12-21T21:45:23.101120" elapsed="0.000566"/>
</kw>
<kw name="Get Elements" owner="Browser">
<msg time="2025-12-21T21:45:23.108536" level="INFO">Found locator('p').first(),locator('p').nth(1),locator('p').nth(2),locator('p').nth(3),locator('p').nth(4),locator('p').nth(5),locator('p').nth(6),locator('p').nth(7),locator('p').nth(8),locator('p').nth(9),locator('p').nth(10),locator('p').nth(11),locator('p').nth(12),locator('p').nth(13),locator('p').nth(14),locator('p').nth(15),locator('p').nth(16),locator('p').nth(17),locator('p').nth(18),locator('p').nth(19),locator('p').nth(20),locator('p').nth(21),locator('p').nth(22),locator('p').nth(23),locator('p').nth(24),locator('p').nth(25),locator('p').nth(26),locator('p').nth(27),locator('p').nth(28),locator('p').nth(29),locator('p').nth(30),locator('p').nth(31),locator('p').nth(32),locator('p').nth(33),locator('p').nth(34),locator('p').nth(35),locator('p').nth(36),locator('p').nth(37),locator('p').nth(38),locator('p').nth(39),locator('p').nth(40),locator('p').nth(41),locator('p').nth(42),locator('p').nth(43),locator('p').nth(44),locator('p').nth(45),locator('p').nth(46),locator('p').nth(47),locator('p').nth(48),locator('p').nth(49),locator('p').nth(50),locator('p').nth(51),locator('p').nth(52),locator('p').nth(53),locator('p').nth(54),locator('p').nth(55),locator('p').nth(56),locator('p').nth(57),locator('p').nth(58),locator('p').nth(59),locator('p').nth(60),locator('p').nth(61),locator('p').nth(62),locator('p').nth(63),locator('p').nth(64),locator('p').nth(65),locator('p').nth(66),locator('p').nth(67),locator('p').nth(68),locator('p').nth(69),locator('p').nth(70),locator('p').nth(71),locator('p').nth(72),locator('p').nth(73),locator('p').nth(74),locator('p').nth(75),locator('p').nth(76),locator('p').nth(77),locator('p').nth(78),locator('p').nth(79),locator('p').nth(80),locator('p').nth(81),locator('p').nth(82),locator('p').nth(83),locator('p').nth(84),locator('p').nth(85),locator('p').nth(86),locator('p').nth(87),locator('p').nth(88),locator('p').nth(89),locator('p').nth(90),locator('p').nth(91),locator('p').nth(92),locator('p').nth(93),locator('p').nth(94),locator('p').nth(95),locator('p').nth(96),locator('p').nth(97),locator('p').nth(98),locator('p').nth(99) Locators successfully.</msg>
<msg time="2025-12-21T21:45:23.108707" level="INFO">${bodies} = ['css=p &gt;&gt; nth=0', 'css=p &gt;&gt; nth=1', 'css=p &gt;&gt; nth=2', 'css=p &gt;&gt; nth=3', 'css=p &gt;&gt; nth=4', 'css=p &gt;&gt; nth=5', 'css=p &gt;&gt; nth=6', 'css=p &gt;&gt; nth=7', 'css=p &gt;&gt; nth=8', 'css=p &gt;&gt; nth=9', 'css=p &gt;&gt; nth=10', ...</msg>
<var>${bodies}</var>
<arg>css=p</arg>
<tag>Getter</tag>
<tag>PageContent</tag>
<doc>Returns a reference to Playwright [https://playwright.dev/docs/api/class-locator|Locator]
for all matched elements by ``selector``.</doc>
<status status="PASS" start="2025-12-21T21:45:23.101946" elapsed="0.006784"/>
</kw>
<kw name="Should Not Be Empty" owner="BuiltIn">
<msg time="2025-12-21T21:45:23.109253" level="INFO">Length is 100.</msg>
<arg>${bodies}</arg>
<doc>Verifies that the given item is not empty.</doc>
<status status="PASS" start="2025-12-21T21:45:23.108971" elapsed="0.000319"/>
</kw>
<kw name="Get Text" owner="Browser">
<msg time="2025-12-21T21:45:23.137534" level="INFO">Text: 'sunt aut facere repellat provident occaecati excepturi optio reprehenderit'</msg>
<msg time="2025-12-21T21:45:23.137701" level="INFO">${title_text} = sunt aut facere repellat provident occaecati excepturi optio reprehenderit</msg>
<var>${title_text}</var>
<arg>${titles}[0]</arg>
<tag>Assertion</tag>
<tag>Getter</tag>
<tag>PageContent</tag>
<doc>Returns text attribute of the element found by ``selector``.</doc>
<status status="PASS" start="2025-12-21T21:45:23.109453" elapsed="0.028271"/>
</kw>
<kw name="Should Not Be Empty" owner="BuiltIn">
<msg time="2025-12-21T21:45:23.138559" level="INFO">Length is 74.</msg>
<arg>${title_text}</arg>
<doc>Verifies that the given item is not empty.</doc>
<status status="PASS" start="2025-12-21T21:45:23.138152" elapsed="0.000448"/>
</kw>
<kw name="Get Text" owner="Browser">
<msg time="2025-12-21T21:45:23.148420" level="INFO">Text: 'quia et suscipit suscipit recusandae consequuntur expedita et cum reprehenderit molestiae ut ut quas totam nostrum rerum est autem sunt rem eveniet architecto'</msg>
<msg time="2025-12-21T21:45:23.148564" level="INFO">${body_text} = quia et suscipit suscipit recusandae consequuntur expedita et cum reprehenderit molestiae ut ut quas totam nostrum rerum est autem sunt rem eveniet architecto</msg>
<var>${body_text}</var>
<arg>${bodies}[0]</arg>
<tag>Assertion</tag>
<tag>Getter</tag>
<tag>PageContent</tag>
<doc>Returns text attribute of the element found by ``selector``.</doc>
<status status="PASS" start="2025-12-21T21:45:23.139088" elapsed="0.009500"/>
</kw>
<kw name="Should Not Be Empty" owner="BuiltIn">
<msg time="2025-12-21T21:45:23.149217" level="INFO">Length is 158.</msg>
<arg>${body_text}</arg>
<doc>Verifies that the given item is not empty.</doc>
<status status="PASS" start="2025-12-21T21:45:23.148834" elapsed="0.000437"/>
</kw>
<status status="PASS" start="2025-12-21T21:45:21.137553" elapsed="2.011923"/>
</test>
<test id="s1-t7" name="UseEffectDemo Should Fetch Posts By Default" line="84">
<kw name="Open Browser To UseEffectDemo" owner="keywords">
<kw name="Go To" owner="Browser">
<msg time="2025-12-21T21:45:23.206159" level="INFO">Successfully opened URL http://localhost:5173/use-effect</msg>
<arg>${FRONTEND_URL}/use-effect</arg>
<tag>BrowserControl</tag>
<tag>Setter</tag>
<doc>Navigates to the given ``url``.</doc>
<status status="PASS" start="2025-12-21T21:45:23.157580" elapsed="0.048757"/>
</kw>
<status status="PASS" start="2025-12-21T21:45:23.157251" elapsed="0.049199"/>
</kw>
<kw name="Wait For Elements State" owner="Browser">
<msg time="2025-12-21T21:45:23.249810" level="INFO">Waited for Element with selector css=[data-cy="fetch-div"] at state visible</msg>
<arg>css=[data-cy="fetch-div"]</arg>
<arg>visible</arg>
<tag>PageContent</tag>
<tag>Wait</tag>
<doc>Waits for the element found by ``selector`` to satisfy state option.</doc>
<status status="PASS" start="2025-12-21T21:45:23.206773" elapsed="0.043229"/>
</kw>
<kw name="Get Text" owner="Browser">
<msg time="2025-12-21T21:45:23.270294" level="INFO">Text: 'posts'</msg>
<msg time="2025-12-21T21:45:23.270449" level="INFO">${type} = posts</msg>
<var>${type}</var>
<arg>css=[data-cy="show-data"]</arg>
<tag>Assertion</tag>
<tag>Getter</tag>
<tag>PageContent</tag>
<doc>Returns text attribute of the element found by ``selector``.</doc>
<status status="PASS" start="2025-12-21T21:45:23.250410" elapsed="0.020062"/>
</kw>
<kw name="Should Be Equal" owner="BuiltIn">
<arg>${type}</arg>
<arg>posts</arg>
<doc>Fails if the given objects are unequal.</doc>
<status status="PASS" start="2025-12-21T21:45:23.270779" elapsed="0.000437"/>
</kw>
<kw name="Get Text" owner="Browser">
<msg time="2025-12-21T21:45:23.287825" level="INFO">Text: '[{"userId":1,"id":1,"title":"sunt aut facere repellat provident occaecati excepturi optio reprehenderit","body":"quia et suscipit\\nsuscipit recusandae consequuntur expedita et cum\\nreprehenderit molestiae ut ut quas totam\\nnostrum rerum est autem sunt rem eveniet architecto"},{"userId":1,"id":2,"title":"qui est esse","body":"est rerum tempore vitae\\nsequi sint nihil reprehenderit dolor beatae ea dolores neque\\nfugiat blanditiis voluptate porro vel nihil molestiae ut reiciendis\\nqui aperiam non debitis possimus qui neque nisi nulla"},{"userId":1,"id":3,"title":"ea molestias quasi exercitationem repellat qui ipsa sit aut","body":"et iusto sed quo iure\\nvoluptatem occaecati omnis eligendi aut ad\\nvoluptatem doloribus vel accusantium quis pariatur\\nmolestiae porro eius odio et labore et velit aut"},{"userId":1,"id":4,"title":"eum et est occaecati","body":"ullam et saepe reiciendis voluptatem adipisci\\nsit amet autem assumenda provident rerum culpa\\nquis hic commodi nesciunt rem tenetur doloremque ipsam iure\\nquis sunt voluptatem rerum illo velit"},{"userId":1,"id":5,"title":"nesciunt quas odio","body":"repudiandae veniam quaerat sunt sed\\nalias aut fugiat sit autem sed est\\nvoluptatem omnis possimus esse voluptatibus quis\\nest aut tenetur dolor neque"},{"userId":1,"id":6,"title":"dolorem eum magni eos aperiam quia","body":"ut aspernatur corporis harum nihil quis provident sequi\\nmollitia nobis aliquid molestiae\\nperspiciatis et ea nemo ab reprehenderit accusantium quas\\nvoluptate dolores velit et doloremque molestiae"},{"userId":1,"id":7,"title":"magnam facilis autem","body":"dolore placeat quibusdam ea quo vitae\\nmagni quis enim qui quis quo nemo aut saepe\\nquidem repellat excepturi ut quia\\nsunt ut sequi eos ea sed quas"},{"userId":1,"id":8,"title":"dolorem dolore est ipsam","body":"dignissimos aperiam dolorem qui eum\\nfacilis quibusdam animi sint suscipit qui sint possimus cum\\nquaerat magni maiores excepturi\\nipsam ut commodi dolor voluptatum modi aut vitae"},{"userId":1,"id":9,"title":"nesciunt iure omnis dolorem tempora et accusantium","body":"consectetur animi nesciunt iure dolore\\nenim quia ad\\nveniam autem ut quam aut nobis\\net est aut quod aut provident voluptas autem voluptas"},{"userId":1,"id":10,"title":"optio molestias id quia eum","body":"quo et expedita modi cum officia vel magni\\ndoloribus qui repudiandae\\nvero nisi sit\\nquos veniam quod sed accusamus veritatis error"},{"userId":2,"id":11,"title":"et ea vero quia laudantium autem","body":"delectus reiciendis molestiae occaecati non minima eveniet qui voluptatibus\\naccusamus in eum beatae sit\\nvel qui neque voluptates ut commodi qui incidunt\\nut animi commodi"},{"userId":2,"id":12,"title":"in quibusdam tempore odit est dolorem","body":"itaque id aut magnam\\npraesentium quia et ea odit et ea voluptas et\\nsapiente quia nihil amet occaecati quia id voluptatem\\nincidunt ea est distinctio odio"},{"userId":2,"id":13,"title":"dolorum ut in voluptas mollitia et saepe quo animi","body":"aut dicta possimus sint mollitia voluptas commodi quo doloremque\\niste corrupti reiciendis voluptatem eius rerum\\nsit cumque quod eligendi laborum minima\\nperferendis recusandae assumenda consectetur porro architecto ipsum ipsam"},{"userId":2,"id":14,"title":"voluptatem eligendi optio","body":"fuga et accusamus dolorum perferendis illo voluptas\\nnon doloremque neque facere\\nad qui dolorum molestiae beatae\\nsed aut voluptas totam sit illum"},{"userId":2,"id":15,"title":"eveniet quod temporibus","body":"reprehenderit quos placeat\\nvelit minima officia dolores impedit repudiandae molestiae nam\\nvoluptas recusandae quis delectus\\nofficiis harum fugiat vitae"},{"userId":2,"id":16,"title":"sint suscipit perspiciatis velit dolorum rerum ipsa laboriosam odio","body":"suscipit nam nisi quo aperiam aut\\nasperiores eos fugit maiores voluptatibus quia\\nvoluptatem quis ullam qui in alias quia est\\nconsequatur magni mollitia accusamus ea nisi voluptate dicta"},{"userId":2,"id":17,"title":"fugit voluptas sed molestias voluptatem provident","body":"eos voluptas et aut odit natus earum\\naspernatur fuga molestiae ullam\\ndeserunt ratione qui eos\\nqui nihil ratione nemo velit ut aut id quo"},{"userId":2,"id":18,"title":"voluptate et itaque vero tempora molestiae","body":"eveniet quo quis\\nlaborum totam consequatur non dolor\\nut et est repudiandae\\nest voluptatem vel debitis et magnam"},{"userId":2,"id":19,"title":"adipisci placeat illum aut reiciendis qui","body":"illum quis cupiditate provident sit magnam\\nea sed aut omnis\\nveniam maiores ullam consequatur atque\\nadipisci quo iste expedita sit quos voluptas"},{"userId":2,"id":20,"title":"doloribus ad provident suscipit at","body":"qui consequuntur ducimus possimus quisquam amet similique\\nsuscipit porro ipsam amet\\neos veritatis officiis exercitationem vel fugit aut necessitatibus totam\\nomnis rerum consequatur expedita quidem cumque explicabo"},{"userId":3,"id":21,"title":"asperiores ea ipsam voluptatibus modi minima quia sint","body":"repellat aliquid praesentium dolorem quo\\nsed totam minus non itaque\\nnihil labore molestiae sunt dolor eveniet hic recusandae veniam\\ntempora et tenetur expedita sunt"},{"userId":3,"id":22,"title":"dolor sint quo a velit explicabo quia nam","body":"eos qui et ipsum ipsam suscipit aut\\nsed omnis non odio\\nexpedita earum mollitia molestiae aut atque rem suscipit\\nnam impedit esse"},{"userId":3,"id":23,"title":"maxime id vitae nihil numquam","body":"veritatis unde neque eligendi\\nquae quod architecto quo neque vitae\\nest illo sit tempora doloremque fugit quod\\net et vel beatae sequi ullam sed tenetur perspiciatis"},{"userId":3,"id":24,"title":"autem hic labore sunt dolores incidunt","body":"enim et ex nulla\\nomnis voluptas quia qui\\nvoluptatem consequatur numquam aliquam sunt\\ntotam recusandae id dignissimos aut sed asperiores deserunt"},{"userId":3,"id":25,"title":"rem alias distinctio quo quis","body":"ullam consequatur ut\\nomnis quis sit vel consequuntur\\nipsa eligendi ipsum molestiae et omnis error nostrum\\nmolestiae illo tempore quia et distinctio"},{"userId":3,"id":26,"title":"est et quae odit qui non","body":"similique esse doloribus nihil accusamus\\nomnis dolorem fuga consequuntur reprehenderit fugit recusandae temporibus\\nperspiciatis cum ut laudantium\\nomnis aut molestiae vel vero"},{"userId":3,"id":27,"title":"quasi id et eos tenetur aut quo autem","body":"eum sed dolores ipsam sint possimus debitis occaecati\\ndebitis qui qui et\\nut placeat enim earum aut odit facilis\\nconsequatur suscipit necessitatibus rerum sed inventore temporibus consequatur"},{"userId":3,"id":28,"title":"delectus ullam et corporis nulla voluptas sequi","body":"non et quaerat ex quae ad maiores\\nmaiores recusandae totam aut blanditiis mollitia quas illo\\nut voluptatibus voluptatem\\nsimilique nostrum eum"},{"userId":3,"id":29,"title":"iusto eius quod necessitatibus culpa ea","body":"odit magnam ut saepe sed non qui\\ntempora atque nihil\\naccusamus illum doloribus illo dolor\\neligendi repudiandae odit magni similique sed cum maiores"},{"userId":3,"id":30,"title":"a quo magni similique perferendis","body":"alias dolor cumque\\nimpedit blanditiis non eveniet odio maxime\\nblanditiis amet eius quis tempora quia autem rem\\na provident perspiciatis quia"},{"userId":4,"id":31,"title":"ullam ut quidem id aut vel consequuntur","body":"debitis eius sed quibusdam non quis consectetur vitae\\nimpedit ut qui consequatur sed aut in\\nquidem sit nostrum et maiores adipisci atque\\nquaerat voluptatem adipisci repudiandae"},{"userId":4,"id":32,"title":"doloremque illum aliquid sunt","body":"deserunt eos nobis asperiores et hic\\nest debitis repellat molestiae optio\\nnihil ratione ut eos beatae quibusdam distinctio maiores\\nearum voluptates et aut adipisci ea maiores voluptas maxime"},{"userId":4,"id":33,"title":"qui explicabo molestiae dolorem","body":"rerum ut et numquam laborum odit est sit\\nid qui sint in\\nquasi tenetur tempore aperiam et quaerat qui in\\nrerum officiis sequi cumque quod"},{"userId":4,"id":34,"title":"magnam ut rerum iure","body":"ea velit perferendis earum ut voluptatem voluptate itaque iusto\\ntotam pariatur in\\nnemo voluptatem voluptatem autem magni tempora minima in\\nest distinctio qui assumenda accusamus dignissimos officia nesciunt nobis"},{"userId":4,"id":35,"title":"id nihil consequatur molestias animi provident","body":"nisi error delectus possimus ut eligendi vitae\\nplaceat eos harum cupiditate facilis reprehenderit voluptatem beatae\\nmodi ducimus quo illum voluptas eligendi\\net nobis quia fugit"},{"userId":4,"id":36,"title":"fuga nam accusamus voluptas reiciendis itaque","body":"ad mollitia et omnis minus architecto odit\\nvoluptas doloremque maxime aut non ipsa qui alias veniam\\nblanditiis culpa aut quia nihil cumque facere et occaecati\\nqui aspernatur quia eaque ut aperiam inventore"},{"userId":4,"id":37,"title":"provident vel ut sit ratione est","body":"debitis et eaque non officia sed nesciunt pariatur vel\\nvoluptatem iste vero et ea\\nnumquam aut expedita ipsum nulla in\\nvoluptates omnis consequatur aut enim officiis in quam qui"},{"userId":4,"id":38,"title":"explicabo et eos deleniti nostrum ab id repellendus","body":"animi esse sit aut sit nesciunt assumenda eum voluptas\\nquia voluptatibus provident quia necessitatibus ea\\nrerum repudiandae quia voluptatem delectus fugit aut id quia\\nratione optio eos iusto veniam iure"},{"userId":4,"id":39,"title":"eos dolorem iste accusantium est eaque quam","body":"corporis rerum ducimus vel eum accusantium\\nmaxime aspernatur a porro possimus iste omnis\\nest in deleniti asperiores fuga aut\\nvoluptas sapiente vel dolore minus voluptatem incidunt ex"},{"userId":4,"id":40,"title":"enim quo cumque","body":"ut voluptatum aliquid illo tenetur nemo sequi quo facilis\\nipsum rem optio mollitia quas\\nvoluptatem eum voluptas qui\\nunde omnis voluptatem iure quasi maxime voluptas nam"},{"userId":5,"id":41,"title":"non est facere","body":"molestias id nostrum\\nexcepturi molestiae dolore omnis repellendus quaerat saepe\\nconsectetur iste quaerat tenetur asperiores accusamus ex ut\\nnam quidem est ducimus sunt debitis saepe"},{"userId":5,"id":42,"title":"commodi ullam sint et excepturi error explicabo praesentium voluptas","body":"odio fugit voluptatum ducimus earum autem est incidunt voluptatem\\nodit reiciendis aliquam sunt sequi nulla dolorem\\nnon facere repellendus voluptates quia\\nratione harum vitae ut"},{"userId":5,"id":43,"title":"eligendi iste nostrum consequuntur adipisci praesentium sit beatae perferendis","body":"similique fugit est\\nillum et dolorum harum et voluptate eaque quidem\\nexercitationem quos nam commodi possimus cum odio nihil nulla\\ndolorum exercitationem magnam ex et a et distinctio debitis"},{"userId":5,"id":44,"title":"optio dolor molestias sit","body":"temporibus est consectetur dolore\\net libero debitis vel velit laboriosam quia\\nipsum quibusdam qui itaque fuga rem aut\\nea et iure quam sed maxime ut distinctio quae"},{"userId":5,"id":45,"title":"ut numquam possimus omnis eius suscipit laudantium iure","body":"est natus reiciendis nihil possimus aut provident\\nex et dolor\\nrepellat pariatur est\\nnobis rerum repellendus dolorem autem"},{"userId":5,"id":46,"title":"aut quo modi neque nostrum ducimus","body":"voluptatem quisquam iste\\nvoluptatibus natus officiis facilis dolorem\\nquis quas ipsam\\nvel et voluptatum in aliquid"},{"userId":5,"id":47,"title":"quibusdam cumque rem aut deserunt","body":"voluptatem assumenda ut qui ut cupiditate aut impedit veniam\\noccaecati nemo illum voluptatem laudantium\\nmolestiae beatae rerum ea iure soluta nostrum\\neligendi et voluptate"},{"userId":5,"id":48,"title":"ut voluptatem illum ea doloribus itaque eos","body":"voluptates quo voluptatem facilis iure occaecati\\nvel assumenda rerum officia et\\nillum perspiciatis ab deleniti\\nlaudantium repellat ad ut et autem reprehenderit"},{"userId":5,"id":49,"title":"laborum non sunt aut ut assumenda perspiciatis voluptas","body":"inventore ab sint\\nnatus fugit id nulla sequi architecto nihil quaerat\\neos tenetur in in eum veritatis non\\nquibusdam officiis aspernatur cumque aut commodi aut"},{"userId":5,"id":50,"title":"repellendus qui recusandae incidunt voluptates tenetur qui omnis exercitationem","body":"error suscipit maxime adipisci consequuntur recusandae\\nvoluptas eligendi et est et voluptates\\nquia distinctio ab amet quaerat molestiae et vitae\\nadipisci impedit sequi nesciunt quis consectetur"},{"userId":6,"id":51,"title":"soluta aliquam aperiam consequatur illo quis voluptas","body":"sunt dolores aut doloribus\\ndolore doloribus voluptates tempora et\\ndoloremque et quo\\ncum asperiores sit consectetur dolorem"},{"userId":6,"id":52,"title":"qui enim et consequuntur quia animi quis voluptate quibusdam","body":"iusto est quibusdam fuga quas quaerat molestias\\na enim ut sit accusamus enim\\ntemporibus iusto accusantium provident architecto\\nsoluta esse reprehenderit qui laborum"},{"userId":6,"id":53,"title":"ut quo aut ducimus alias","body":"minima harum praesentium eum rerum illo dolore\\nquasi exercitationem rerum nam\\nporro quis neque quo\\nconsequatur minus dolor quidem veritatis sunt non explicabo similique"},{"userId":6,"id":54,"title":"sit asperiores ipsam eveniet odio non quia","body":"totam corporis dignissimos\\nvitae dolorem ut occaecati accusamus\\nex velit deserunt\\net exercitationem vero incidunt corrupti mollitia"},{"userId":6,"id":55,"title":"sit vel voluptatem et non libero","body":"debitis excepturi ea perferendis harum libero optio\\neos accusamus cum fuga ut sapiente repudiandae\\net ut incidunt omnis molestiae\\nnihil ut eum odit"},{"userId":6,"id":56,"title":"qui et at rerum necessitatibus","body":"aut est omnis dolores\\nneque rerum quod ea rerum velit pariatur beatae excepturi\\net provident voluptas corrupti\\ncorporis harum reprehenderit dolores eligendi"},{"userId":6,"id":57,"title":"sed ab est est","body":"at pariatur consequuntur earum quidem\\nquo est laudantium soluta voluptatem\\nqui ullam et est\\net cum voluptas voluptatum repellat est"},{"userId":6,"id":58,"title":"voluptatum itaque dolores nisi et quasi","body":"veniam voluptatum quae adipisci id\\net id quia eos ad et dolorem\\naliquam quo nisi sunt eos impedit error\\nad similique veniam"},{"userId":6,"id":59,"title":"qui commodi dolor at maiores et quis id accusantium","body":"perspiciatis et quam ea autem temporibus non voluptatibus qui\\nbeatae a earum officia nesciunt dolores suscipit voluptas et\\nanimi doloribus cum rerum quas et magni\\net hic ut ut commodi expedita sunt"},{"userId":6,"id":60,"title":"consequatur placeat omnis quisquam quia reprehenderit fugit veritatis facere","body":"asperiores sunt ab assumenda cumque modi velit\\nqui esse omnis\\nvoluptate et fuga perferendis voluptas\\nillo ratione amet aut et omnis"},{"userId":7,"id":61,"title":"voluptatem doloribus consectetur est ut ducimus","body":"ab nemo optio odio\\ndelectus tenetur corporis similique nobis repellendus rerum omnis facilis\\nvero blanditiis debitis in nesciunt doloribus dicta dolores\\nmagnam minus velit"},{"userId":7,"id":62,"title":"beatae enim quia vel","body":"enim aspernatur illo distinctio quae praesentium\\nbeatae alias amet delectus qui voluptate distinctio\\nodit sint accusantium autem omnis\\nquo molestiae omnis ea eveniet optio"},{"userId":7,"id":63,"title":"voluptas blanditiis repellendus animi ducimus error sapiente et suscipit","body":"enim adipisci aspernatur nemo\\nnumquam omnis facere dolorem dolor ex quis temporibus incidunt\\nab delectus culpa quo reprehenderit blanditiis asperiores\\naccusantium ut quam in voluptatibus voluptas ipsam dicta"},{"userId":7,"id":64,"title":"et fugit quas eum in in aperiam quod","body":"id velit blanditiis\\neum ea voluptatem\\nmolestiae sint occaecati est eos perspiciatis\\nincidunt a error provident eaque aut aut qui"},{"userId":7,"id":65,"title":"consequatur id enim sunt et et","body":"voluptatibus ex esse\\nsint explicabo est aliquid cumque adipisci fuga repellat labore\\nmolestiae corrupti ex saepe at asperiores et perferendis\\nnatus id esse incidunt pariatur"},{"userId":7,"id":66,"title":"repudiandae ea animi iusto","body":"officia veritatis tenetur vero qui itaque\\nsint non ratione\\nsed et ut asperiores iusto eos molestiae nostrum\\nveritatis quibusdam et nemo iusto saepe"},{"userId":7,"id":67,"title":"aliquid eos sed fuga est maxime repellendus","body":"reprehenderit id nostrum\\nvoluptas doloremque pariatur sint et accusantium quia quod aspernatur\\net fugiat amet\\nnon sapiente et consequatur necessitatibus molestiae"},{"userId":7,"id":68,"title":"odio quis facere architecto reiciendis optio","body":"magnam molestiae perferendis quisquam\\nqui cum reiciendis\\nquaerat animi amet hic inventore\\nea quia deleniti quidem saepe porro velit"},{"userId":7,"id":69,"title":"fugiat quod pariatur odit minima","body":"officiis error culpa consequatur modi asperiores et\\ndolorum assumenda voluptas et vel qui aut vel rerum\\nvoluptatum quisquam perspiciatis quia rerum consequatur totam quas\\nsequi commodi repudiandae asperiores et saepe a"},{"userId":7,"id":70,"title":"voluptatem laborum magni","body":"sunt repellendus quae\\nest asperiores aut deleniti esse accusamus repellendus quia aut\\nquia dolorem unde\\neum tempora esse dolore"},{"userId":8,"id":71,"title":"et iusto veniam et illum aut fuga","body":"occaecati a doloribus\\niste saepe consectetur placeat eum voluptate dolorem et\\nqui quo quia voluptas\\nrerum ut id enim velit est perferendis"},{"userId":8,"id":72,"title":"sint hic doloribus consequatur eos non id","body":"quam occaecati qui deleniti consectetur\\nconsequatur aut facere quas exercitationem aliquam hic voluptas\\nneque id sunt ut aut accusamus\\nsunt consectetur expedita inventore velit"},{"userId":8,"id":73,"title":"consequuntur deleniti eos quia temporibus ab aliquid at","body":"voluptatem cumque tenetur consequatur expedita ipsum nemo quia explicabo\\naut eum minima consequatur\\ntempore cumque quae est et\\net in consequuntur voluptatem voluptates aut"},{"userId":8,"id":74,"title":"enim unde ratione doloribus quas enim ut sit sapiente","body":"odit qui et et necessitatibus sint veniam\\nmollitia amet doloremque molestiae commodi similique magnam et quam\\nblanditiis est itaque\\nquo et tenetur ratione occaecati molestiae tempora"},{"userId":8,"id":75,"title":"dignissimos eum dolor ut enim et delectus in","body":"commodi non non omnis et voluptas sit\\nautem aut nobis magnam et sapiente voluptatem\\net laborum repellat qui delectus facilis temporibus\\nrerum amet et nemo voluptate expedita adipisci error dolorem"},{"userId":8,"id":76,"title":"doloremque officiis ad et non perferendis","body":"ut animi facere\\ntotam iusto tempore\\nmolestiae eum aut et dolorem aperiam\\nquaerat recusandae totam odio"},{"userId":8,"id":77,"title":"necessitatibus quasi exercitationem odio","body":"modi ut in nulla repudiandae dolorum nostrum eos\\naut consequatur omnis\\nut incidunt est omnis iste et quam\\nvoluptates sapiente aliquam asperiores nobis amet corrupti repudiandae provident"},{"userId":8,"id":78,"title":"quam voluptatibus rerum veritatis","body":"nobis facilis odit tempore cupiditate quia\\nassumenda doloribus rerum qui ea\\nillum et qui totam\\naut veniam repellendus"},{"userId":8,"id":79,"title":"pariatur consequatur quia magnam autem omnis non amet","body":"libero accusantium et et facere incidunt sit dolorem\\nnon excepturi qui quia sed laudantium\\nquisquam molestiae ducimus est\\nofficiis esse molestiae iste et quos"},{"userId":8,"id":80,"title":"labore in ex et explicabo corporis aut quas","body":"ex quod dolorem ea eum iure qui provident amet\\nquia qui facere excepturi et repudiandae\\nasperiores molestias provident\\nminus incidunt vero fugit rerum sint sunt excepturi provident"},{"userId":9,"id":81,"title":"tempora rem veritatis voluptas quo dolores vero","body":"facere qui nesciunt est voluptatum voluptatem nisi\\nsequi eligendi necessitatibus ea at rerum itaque\\nharum non ratione velit laboriosam quis consequuntur\\nex officiis minima doloremque voluptas ut aut"},{"userId":9,"id":82,"title":"laudantium voluptate suscipit sunt enim enim","body":"ut libero sit aut totam inventore sunt\\nporro sint qui sunt molestiae\\nconsequatur cupiditate qui iste ducimus adipisci\\ndolor enim assumenda soluta laboriosam amet iste delectus hic"},{"userId":9,"id":83,"title":"odit et voluptates doloribus alias odio et","body":"est molestiae facilis quis tempora numquam nihil qui\\nvoluptate sapiente consequatur est qui\\nnecessitatibus autem aut ipsa aperiam modi dolore numquam\\nreprehenderit eius rem quibusdam"},{"userId":9,"id":84,"title":"optio ipsam molestias necessitatibus occaecati facilis veritatis dolores aut","body":"sint molestiae magni a et quos\\neaque et quasi\\nut rerum debitis similique veniam\\nrecusandae dignissimos dolor incidunt consequatur odio"},{"userId":9,"id":85,"title":"dolore veritatis porro provident adipisci blanditiis et sunt","body":"similique sed nisi voluptas iusto omnis\\nmollitia et quo\\nassumenda suscipit officia magnam sint sed tempora\\nenim provident pariatur praesentium atque animi amet ratione"},{"userId":9,"id":86,"title":"placeat quia et porro iste","body":"quasi excepturi consequatur iste autem temporibus sed molestiae beatae\\net quaerat et esse ut\\nvoluptatem occaecati et vel explicabo autem\\nasperiores pariatur deserunt optio"},{"userId":9,"id":87,"title":"nostrum quis quasi placeat","body":"eos et molestiae\\nnesciunt ut a\\ndolores perspiciatis repellendus repellat aliquid\\nmagnam sint rem ipsum est"},{"userId":9,"id":88,"title":"sapiente omnis fugit eos","body":"consequatur omnis est praesentium\\nducimus non iste\\nneque hic deserunt\\nvoluptatibus veniam cum et rerum sed"},{"userId":9,"id":89,"title":"sint soluta et vel magnam aut ut sed qui","body":"repellat aut aperiam totam temporibus autem et\\narchitecto magnam ut\\nconsequatur qui cupiditate rerum quia soluta dignissimos nihil iure\\ntempore quas est"},{"userId":9,"id":90,"title":"ad iusto omnis odit dolor voluptatibus","body":"minus omnis soluta quia\\nqui sed adipisci voluptates illum ipsam voluptatem\\neligendi officia ut in\\neos soluta similique molestias praesentium blanditiis"},{"userId":10,"id":91,"title":"aut amet sed","body":"libero voluptate eveniet aperiam sed\\nsunt placeat suscipit molestias\\nsimilique fugit nam natus\\nexpedita consequatur consequatur dolores quia eos et placeat"},{"userId":10,"id":92,"title":"ratione ex tenetur perferendis","body":"aut et excepturi dicta laudantium sint rerum nihil\\nlaudantium et at\\na neque minima officia et similique libero et\\ncommodi voluptate qui"},{"userId":10,"id":93,"title":"beatae soluta recusandae","body":"dolorem quibusdam ducimus consequuntur dicta aut quo laboriosam\\nvoluptatem quis enim recusandae ut sed sunt\\nnostrum est odit totam\\nsit error sed sunt eveniet provident qui nulla"},{"userId":10,"id":94,"title":"qui qui voluptates illo iste minima","body":"aspernatur expedita soluta quo ab ut similique\\nexpedita dolores amet\\nsed temporibus distinctio magnam saepe deleniti\\nomnis facilis nam ipsum natus sint similique omnis"},{"userId":10,"id":95,"title":"id minus libero illum nam ad officiis","body":"earum voluptatem facere provident blanditiis velit laboriosam\\npariatur accusamus odio saepe\\ncumque dolor qui a dicta ab doloribus consequatur omnis\\ncorporis cupiditate eaque assumenda ad nesciunt"},{"userId":10,"id":96,"title":"quaerat velit veniam amet cupiditate aut numquam ut sequi","body":"in non odio excepturi sint eum\\nlabore voluptates vitae quia qui et\\ninventore itaque rerum\\nveniam non exercitationem delectus aut"},{"userId":10,"id":97,"title":"quas fugiat ut perspiciatis vero provident","body":"eum non blanditiis soluta porro quibusdam voluptas\\nvel voluptatem qui placeat dolores qui velit aut\\nvel inventore aut cumque culpa explicabo aliquid at\\nperspiciatis est et voluptatem dignissimos dolor itaque sit nam"},{"userId":10,"id":98,"title":"laboriosam dolor voluptates","body":"doloremque ex facilis sit sint culpa\\nsoluta assumenda eligendi non ut eius\\nsequi ducimus vel quasi\\nveritatis est dolores"},{"userId":10,"id":99,"title":"temporibus sit alias delectus eligendi possimus magni","body":"quo deleniti praesentium dicta non quod\\naut est molestias\\nmolestias et officia quis nihil\\nitaque dolorem quia"},{"userId":10,"id":100,"title":"at nam consequatur ea labore ea harum","body":"cupiditate quo est a modi nesciunt soluta\\nipsa voluptas error itaque dicta in\\nautem qui minus magnam et distinctio eum\\naccusamus ratione error aut"}]'</msg>
<msg time="2025-12-21T21:45:23.288431" level="INFO">${data} = [{"userId":1,"id":1,"title":"sunt aut facere repellat provident occaecati excepturi optio reprehenderit","body":"quia et suscipit\nsuscipit recusandae consequuntur expedita et cum\nreprehenderit moles...</msg>
<var>${data}</var>
<arg>css=[data-cy="display-data"]</arg>
<tag>Assertion</tag>
<tag>Getter</tag>
<tag>PageContent</tag>
<doc>Returns text attribute of the element found by ``selector``.</doc>
<status status="PASS" start="2025-12-21T21:45:23.271415" elapsed="0.017053"/>
</kw>
<kw name="Should Not Be Empty" owner="BuiltIn">
<msg time="2025-12-21T21:45:23.289129" level="INFO">Length is 24519.</msg>
<arg>${data}</arg>
<doc>Verifies that the given item is not empty.</doc>
<status status="PASS" start="2025-12-21T21:45:23.288752" elapsed="0.000419"/>
</kw>
<status status="PASS" start="2025-12-21T21:45:23.155026" elapsed="0.134316"/>
</test>
<test id="s1-t8" name="Switch To Comments Should Fetch New Data" line="96">
<kw name="Click" owner="Browser">
<msg time="2025-12-21T21:45:23.294773" level="INFO">Clicks the element 'css=[data-cy="btn-comments"]'.</msg>
<arg>css=[data-cy="btn-comments"]</arg>
<tag>PageContent</tag>
<tag>Setter</tag>
<doc>Simulates mouse click on the element found by ``selector``.</doc>
<status status="PASS" start="2025-12-21T21:45:23.294348" elapsed="0.021199"/>
</kw>
<kw name="Wait Until Keyword Succeeds" owner="BuiltIn">
<kw name="Validate Data Type" owner="keywords">
<kw name="Get Text" owner="Browser">
<msg time="2025-12-21T21:45:23.328274" level="INFO">Text: 'comments'</msg>
<msg time="2025-12-21T21:45:23.328420" level="INFO">${text} = comments</msg>
<var>${text}</var>
<arg>css=[data-cy="show-data"]</arg>
<tag>Assertion</tag>
<tag>Getter</tag>
<tag>PageContent</tag>
<doc>Returns text attribute of the element found by ``selector``.</doc>
<status status="PASS" start="2025-12-21T21:45:23.316802" elapsed="0.011642"/>
</kw>
<kw name="Should Be Equal" owner="BuiltIn">
<arg>${text}</arg>
<arg>${expected}</arg>
<doc>Fails if the given objects are unequal.</doc>
<status status="PASS" start="2025-12-21T21:45:23.328607" elapsed="0.000440"/>
</kw>
<arg>comments</arg>
<status status="PASS" start="2025-12-21T21:45:23.316505" elapsed="0.012620"/>
</kw>
<arg>5s</arg>
<arg>500ms</arg>
<arg>Validate Data Type</arg>
<arg>comments</arg>
<doc>Runs the specified keyword and retries if it fails.</doc>
<status status="PASS" start="2025-12-21T21:45:23.315919" elapsed="0.013256"/>
</kw>
<kw name="Get Text" owner="Browser">
<msg time="2025-12-21T21:45:23.341882" level="INFO">Text: '[{"userId":1,"id":1,"title":"sunt aut facere repellat provident occaecati excepturi optio reprehenderit","body":"quia et suscipit\\nsuscipit recusandae consequuntur expedita et cum\\nreprehenderit molestiae ut ut quas totam\\nnostrum rerum est autem sunt rem eveniet architecto"},{"userId":1,"id":2,"title":"qui est esse","body":"est rerum tempore vitae\\nsequi sint nihil reprehenderit dolor beatae ea dolores neque\\nfugiat blanditiis voluptate porro vel nihil molestiae ut reiciendis\\nqui aperiam non debitis possimus qui neque nisi nulla"},{"userId":1,"id":3,"title":"ea molestias quasi exercitationem repellat qui ipsa sit aut","body":"et iusto sed quo iure\\nvoluptatem occaecati omnis eligendi aut ad\\nvoluptatem doloribus vel accusantium quis pariatur\\nmolestiae porro eius odio et labore et velit aut"},{"userId":1,"id":4,"title":"eum et est occaecati","body":"ullam et saepe reiciendis voluptatem adipisci\\nsit amet autem assumenda provident rerum culpa\\nquis hic commodi nesciunt rem tenetur doloremque ipsam iure\\nquis sunt voluptatem rerum illo velit"},{"userId":1,"id":5,"title":"nesciunt quas odio","body":"repudiandae veniam quaerat sunt sed\\nalias aut fugiat sit autem sed est\\nvoluptatem omnis possimus esse voluptatibus quis\\nest aut tenetur dolor neque"},{"userId":1,"id":6,"title":"dolorem eum magni eos aperiam quia","body":"ut aspernatur corporis harum nihil quis provident sequi\\nmollitia nobis aliquid molestiae\\nperspiciatis et ea nemo ab reprehenderit accusantium quas\\nvoluptate dolores velit et doloremque molestiae"},{"userId":1,"id":7,"title":"magnam facilis autem","body":"dolore placeat quibusdam ea quo vitae\\nmagni quis enim qui quis quo nemo aut saepe\\nquidem repellat excepturi ut quia\\nsunt ut sequi eos ea sed quas"},{"userId":1,"id":8,"title":"dolorem dolore est ipsam","body":"dignissimos aperiam dolorem qui eum\\nfacilis quibusdam animi sint suscipit qui sint possimus cum\\nquaerat magni maiores excepturi\\nipsam ut commodi dolor voluptatum modi aut vitae"},{"userId":1,"id":9,"title":"nesciunt iure omnis dolorem tempora et accusantium","body":"consectetur animi nesciunt iure dolore\\nenim quia ad\\nveniam autem ut quam aut nobis\\net est aut quod aut provident voluptas autem voluptas"},{"userId":1,"id":10,"title":"optio molestias id quia eum","body":"quo et expedita modi cum officia vel magni\\ndoloribus qui repudiandae\\nvero nisi sit\\nquos veniam quod sed accusamus veritatis error"},{"userId":2,"id":11,"title":"et ea vero quia laudantium autem","body":"delectus reiciendis molestiae occaecati non minima eveniet qui voluptatibus\\naccusamus in eum beatae sit\\nvel qui neque voluptates ut commodi qui incidunt\\nut animi commodi"},{"userId":2,"id":12,"title":"in quibusdam tempore odit est dolorem","body":"itaque id aut magnam\\npraesentium quia et ea odit et ea voluptas et\\nsapiente quia nihil amet occaecati quia id voluptatem\\nincidunt ea est distinctio odio"},{"userId":2,"id":13,"title":"dolorum ut in voluptas mollitia et saepe quo animi","body":"aut dicta possimus sint mollitia voluptas commodi quo doloremque\\niste corrupti reiciendis voluptatem eius rerum\\nsit cumque quod eligendi laborum minima\\nperferendis recusandae assumenda consectetur porro architecto ipsum ipsam"},{"userId":2,"id":14,"title":"voluptatem eligendi optio","body":"fuga et accusamus dolorum perferendis illo voluptas\\nnon doloremque neque facere\\nad qui dolorum molestiae beatae\\nsed aut voluptas totam sit illum"},{"userId":2,"id":15,"title":"eveniet quod temporibus","body":"reprehenderit quos placeat\\nvelit minima officia dolores impedit repudiandae molestiae nam\\nvoluptas recusandae quis delectus\\nofficiis harum fugiat vitae"},{"userId":2,"id":16,"title":"sint suscipit perspiciatis velit dolorum rerum ipsa laboriosam odio","body":"suscipit nam nisi quo aperiam aut\\nasperiores eos fugit maiores voluptatibus quia\\nvoluptatem quis ullam qui in alias quia est\\nconsequatur magni mollitia accusamus ea nisi voluptate dicta"},{"userId":2,"id":17,"title":"fugit voluptas sed molestias voluptatem provident","body":"eos voluptas et aut odit natus earum\\naspernatur fuga molestiae ullam\\ndeserunt ratione qui eos\\nqui nihil ratione nemo velit ut aut id quo"},{"userId":2,"id":18,"title":"voluptate et itaque vero tempora molestiae","body":"eveniet quo quis\\nlaborum totam consequatur non dolor\\nut et est repudiandae\\nest voluptatem vel debitis et magnam"},{"userId":2,"id":19,"title":"adipisci placeat illum aut reiciendis qui","body":"illum quis cupiditate provident sit magnam\\nea sed aut omnis\\nveniam maiores ullam consequatur atque\\nadipisci quo iste expedita sit quos voluptas"},{"userId":2,"id":20,"title":"doloribus ad provident suscipit at","body":"qui consequuntur ducimus possimus quisquam amet similique\\nsuscipit porro ipsam amet\\neos veritatis officiis exercitationem vel fugit aut necessitatibus totam\\nomnis rerum consequatur expedita quidem cumque explicabo"},{"userId":3,"id":21,"title":"asperiores ea ipsam voluptatibus modi minima quia sint","body":"repellat aliquid praesentium dolorem quo\\nsed totam minus non itaque\\nnihil labore molestiae sunt dolor eveniet hic recusandae veniam\\ntempora et tenetur expedita sunt"},{"userId":3,"id":22,"title":"dolor sint quo a velit explicabo quia nam","body":"eos qui et ipsum ipsam suscipit aut\\nsed omnis non odio\\nexpedita earum mollitia molestiae aut atque rem suscipit\\nnam impedit esse"},{"userId":3,"id":23,"title":"maxime id vitae nihil numquam","body":"veritatis unde neque eligendi\\nquae quod architecto quo neque vitae\\nest illo sit tempora doloremque fugit quod\\net et vel beatae sequi ullam sed tenetur perspiciatis"},{"userId":3,"id":24,"title":"autem hic labore sunt dolores incidunt","body":"enim et ex nulla\\nomnis voluptas quia qui\\nvoluptatem consequatur numquam aliquam sunt\\ntotam recusandae id dignissimos aut sed asperiores deserunt"},{"userId":3,"id":25,"title":"rem alias distinctio quo quis","body":"ullam consequatur ut\\nomnis quis sit vel consequuntur\\nipsa eligendi ipsum molestiae et omnis error nostrum\\nmolestiae illo tempore quia et distinctio"},{"userId":3,"id":26,"title":"est et quae odit qui non","body":"similique esse doloribus nihil accusamus\\nomnis dolorem fuga consequuntur reprehenderit fugit recusandae temporibus\\nperspiciatis cum ut laudantium\\nomnis aut molestiae vel vero"},{"userId":3,"id":27,"title":"quasi id et eos tenetur aut quo autem","body":"eum sed dolores ipsam sint possimus debitis occaecati\\ndebitis qui qui et\\nut placeat enim earum aut odit facilis\\nconsequatur suscipit necessitatibus rerum sed inventore temporibus consequatur"},{"userId":3,"id":28,"title":"delectus ullam et corporis nulla voluptas sequi","body":"non et quaerat ex quae ad maiores\\nmaiores recusandae totam aut blanditiis mollitia quas illo\\nut voluptatibus voluptatem\\nsimilique nostrum eum"},{"userId":3,"id":29,"title":"iusto eius quod necessitatibus culpa ea","body":"odit magnam ut saepe sed non qui\\ntempora atque nihil\\naccusamus illum doloribus illo dolor\\neligendi repudiandae odit magni similique sed cum maiores"},{"userId":3,"id":30,"title":"a quo magni similique perferendis","body":"alias dolor cumque\\nimpedit blanditiis non eveniet odio maxime\\nblanditiis amet eius quis tempora quia autem rem\\na provident perspiciatis quia"},{"userId":4,"id":31,"title":"ullam ut quidem id aut vel consequuntur","body":"debitis eius sed quibusdam non quis consectetur vitae\\nimpedit ut qui consequatur sed aut in\\nquidem sit nostrum et maiores adipisci atque\\nquaerat voluptatem adipisci repudiandae"},{"userId":4,"id":32,"title":"doloremque illum aliquid sunt","body":"deserunt eos nobis asperiores et hic\\nest debitis repellat molestiae optio\\nnihil ratione ut eos beatae quibusdam distinctio maiores\\nearum voluptates et aut adipisci ea maiores voluptas maxime"},{"userId":4,"id":33,"title":"qui explicabo molestiae dolorem","body":"rerum ut et numquam laborum odit est sit\\nid qui sint in\\nquasi tenetur tempore aperiam et quaerat qui in\\nrerum officiis sequi cumque quod"},{"userId":4,"id":34,"title":"magnam ut rerum iure","body":"ea velit perferendis earum ut voluptatem voluptate itaque iusto\\ntotam pariatur in\\nnemo voluptatem voluptatem autem magni tempora minima in\\nest distinctio qui assumenda accusamus dignissimos officia nesciunt nobis"},{"userId":4,"id":35,"title":"id nihil consequatur molestias animi provident","body":"nisi error delectus possimus ut eligendi vitae\\nplaceat eos harum cupiditate facilis reprehenderit voluptatem beatae\\nmodi ducimus quo illum voluptas eligendi\\net nobis quia fugit"},{"userId":4,"id":36,"title":"fuga nam accusamus voluptas reiciendis itaque","body":"ad mollitia et omnis minus architecto odit\\nvoluptas doloremque maxime aut non ipsa qui alias veniam\\nblanditiis culpa aut quia nihil cumque facere et occaecati\\nqui aspernatur quia eaque ut aperiam inventore"},{"userId":4,"id":37,"title":"provident vel ut sit ratione est","body":"debitis et eaque non officia sed nesciunt pariatur vel\\nvoluptatem iste vero et ea\\nnumquam aut expedita ipsum nulla in\\nvoluptates omnis consequatur aut enim officiis in quam qui"},{"userId":4,"id":38,"title":"explicabo et eos deleniti nostrum ab id repellendus","body":"animi esse sit aut sit nesciunt assumenda eum voluptas\\nquia voluptatibus provident quia necessitatibus ea\\nrerum repudiandae quia voluptatem delectus fugit aut id quia\\nratione optio eos iusto veniam iure"},{"userId":4,"id":39,"title":"eos dolorem iste accusantium est eaque quam","body":"corporis rerum ducimus vel eum accusantium\\nmaxime aspernatur a porro possimus iste omnis\\nest in deleniti asperiores fuga aut\\nvoluptas sapiente vel dolore minus voluptatem incidunt ex"},{"userId":4,"id":40,"title":"enim quo cumque","body":"ut voluptatum aliquid illo tenetur nemo sequi quo facilis\\nipsum rem optio mollitia quas\\nvoluptatem eum voluptas qui\\nunde omnis voluptatem iure quasi maxime voluptas nam"},{"userId":5,"id":41,"title":"non est facere","body":"molestias id nostrum\\nexcepturi molestiae dolore omnis repellendus quaerat saepe\\nconsectetur iste quaerat tenetur asperiores accusamus ex ut\\nnam quidem est ducimus sunt debitis saepe"},{"userId":5,"id":42,"title":"commodi ullam sint et excepturi error explicabo praesentium voluptas","body":"odio fugit voluptatum ducimus earum autem est incidunt voluptatem\\nodit reiciendis aliquam sunt sequi nulla dolorem\\nnon facere repellendus voluptates quia\\nratione harum vitae ut"},{"userId":5,"id":43,"title":"eligendi iste nostrum consequuntur adipisci praesentium sit beatae perferendis","body":"similique fugit est\\nillum et dolorum harum et voluptate eaque quidem\\nexercitationem quos nam commodi possimus cum odio nihil nulla\\ndolorum exercitationem magnam ex et a et distinctio debitis"},{"userId":5,"id":44,"title":"optio dolor molestias sit","body":"temporibus est consectetur dolore\\net libero debitis vel velit laboriosam quia\\nipsum quibusdam qui itaque fuga rem aut\\nea et iure quam sed maxime ut distinctio quae"},{"userId":5,"id":45,"title":"ut numquam possimus omnis eius suscipit laudantium iure","body":"est natus reiciendis nihil possimus aut provident\\nex et dolor\\nrepellat pariatur est\\nnobis rerum repellendus dolorem autem"},{"userId":5,"id":46,"title":"aut quo modi neque nostrum ducimus","body":"voluptatem quisquam iste\\nvoluptatibus natus officiis facilis dolorem\\nquis quas ipsam\\nvel et voluptatum in aliquid"},{"userId":5,"id":47,"title":"quibusdam cumque rem aut deserunt","body":"voluptatem assumenda ut qui ut cupiditate aut impedit veniam\\noccaecati nemo illum voluptatem laudantium\\nmolestiae beatae rerum ea iure soluta nostrum\\neligendi et voluptate"},{"userId":5,"id":48,"title":"ut voluptatem illum ea doloribus itaque eos","body":"voluptates quo voluptatem facilis iure occaecati\\nvel assumenda rerum officia et\\nillum perspiciatis ab deleniti\\nlaudantium repellat ad ut et autem reprehenderit"},{"userId":5,"id":49,"title":"laborum non sunt aut ut assumenda perspiciatis voluptas","body":"inventore ab sint\\nnatus fugit id nulla sequi architecto nihil quaerat\\neos tenetur in in eum veritatis non\\nquibusdam officiis aspernatur cumque aut commodi aut"},{"userId":5,"id":50,"title":"repellendus qui recusandae incidunt voluptates tenetur qui omnis exercitationem","body":"error suscipit maxime adipisci consequuntur recusandae\\nvoluptas eligendi et est et voluptates\\nquia distinctio ab amet quaerat molestiae et vitae\\nadipisci impedit sequi nesciunt quis consectetur"},{"userId":6,"id":51,"title":"soluta aliquam aperiam consequatur illo quis voluptas","body":"sunt dolores aut doloribus\\ndolore doloribus voluptates tempora et\\ndoloremque et quo\\ncum asperiores sit consectetur dolorem"},{"userId":6,"id":52,"title":"qui enim et consequuntur quia animi quis voluptate quibusdam","body":"iusto est quibusdam fuga quas quaerat molestias\\na enim ut sit accusamus enim\\ntemporibus iusto accusantium provident architecto\\nsoluta esse reprehenderit qui laborum"},{"userId":6,"id":53,"title":"ut quo aut ducimus alias","body":"minima harum praesentium eum rerum illo dolore\\nquasi exercitationem rerum nam\\nporro quis neque quo\\nconsequatur minus dolor quidem veritatis sunt non explicabo similique"},{"userId":6,"id":54,"title":"sit asperiores ipsam eveniet odio non quia","body":"totam corporis dignissimos\\nvitae dolorem ut occaecati accusamus\\nex velit deserunt\\net exercitationem vero incidunt corrupti mollitia"},{"userId":6,"id":55,"title":"sit vel voluptatem et non libero","body":"debitis excepturi ea perferendis harum libero optio\\neos accusamus cum fuga ut sapiente repudiandae\\net ut incidunt omnis molestiae\\nnihil ut eum odit"},{"userId":6,"id":56,"title":"qui et at rerum necessitatibus","body":"aut est omnis dolores\\nneque rerum quod ea rerum velit pariatur beatae excepturi\\net provident voluptas corrupti\\ncorporis harum reprehenderit dolores eligendi"},{"userId":6,"id":57,"title":"sed ab est est","body":"at pariatur consequuntur earum quidem\\nquo est laudantium soluta voluptatem\\nqui ullam et est\\net cum voluptas voluptatum repellat est"},{"userId":6,"id":58,"title":"voluptatum itaque dolores nisi et quasi","body":"veniam voluptatum quae adipisci id\\net id quia eos ad et dolorem\\naliquam quo nisi sunt eos impedit error\\nad similique veniam"},{"userId":6,"id":59,"title":"qui commodi dolor at maiores et quis id accusantium","body":"perspiciatis et quam ea autem temporibus non voluptatibus qui\\nbeatae a earum officia nesciunt dolores suscipit voluptas et\\nanimi doloribus cum rerum quas et magni\\net hic ut ut commodi expedita sunt"},{"userId":6,"id":60,"title":"consequatur placeat omnis quisquam quia reprehenderit fugit veritatis facere","body":"asperiores sunt ab assumenda cumque modi velit\\nqui esse omnis\\nvoluptate et fuga perferendis voluptas\\nillo ratione amet aut et omnis"},{"userId":7,"id":61,"title":"voluptatem doloribus consectetur est ut ducimus","body":"ab nemo optio odio\\ndelectus tenetur corporis similique nobis repellendus rerum omnis facilis\\nvero blanditiis debitis in nesciunt doloribus dicta dolores\\nmagnam minus velit"},{"userId":7,"id":62,"title":"beatae enim quia vel","body":"enim aspernatur illo distinctio quae praesentium\\nbeatae alias amet delectus qui voluptate distinctio\\nodit sint accusantium autem omnis\\nquo molestiae omnis ea eveniet optio"},{"userId":7,"id":63,"title":"voluptas blanditiis repellendus animi ducimus error sapiente et suscipit","body":"enim adipisci aspernatur nemo\\nnumquam omnis facere dolorem dolor ex quis temporibus incidunt\\nab delectus culpa quo reprehenderit blanditiis asperiores\\naccusantium ut quam in voluptatibus voluptas ipsam dicta"},{"userId":7,"id":64,"title":"et fugit quas eum in in aperiam quod","body":"id velit blanditiis\\neum ea voluptatem\\nmolestiae sint occaecati est eos perspiciatis\\nincidunt a error provident eaque aut aut qui"},{"userId":7,"id":65,"title":"consequatur id enim sunt et et","body":"voluptatibus ex esse\\nsint explicabo est aliquid cumque adipisci fuga repellat labore\\nmolestiae corrupti ex saepe at asperiores et perferendis\\nnatus id esse incidunt pariatur"},{"userId":7,"id":66,"title":"repudiandae ea animi iusto","body":"officia veritatis tenetur vero qui itaque\\nsint non ratione\\nsed et ut asperiores iusto eos molestiae nostrum\\nveritatis quibusdam et nemo iusto saepe"},{"userId":7,"id":67,"title":"aliquid eos sed fuga est maxime repellendus","body":"reprehenderit id nostrum\\nvoluptas doloremque pariatur sint et accusantium quia quod aspernatur\\net fugiat amet\\nnon sapiente et consequatur necessitatibus molestiae"},{"userId":7,"id":68,"title":"odio quis facere architecto reiciendis optio","body":"magnam molestiae perferendis quisquam\\nqui cum reiciendis\\nquaerat animi amet hic inventore\\nea quia deleniti quidem saepe porro velit"},{"userId":7,"id":69,"title":"fugiat quod pariatur odit minima","body":"officiis error culpa consequatur modi asperiores et\\ndolorum assumenda voluptas et vel qui aut vel rerum\\nvoluptatum quisquam perspiciatis quia rerum consequatur totam quas\\nsequi commodi repudiandae asperiores et saepe a"},{"userId":7,"id":70,"title":"voluptatem laborum magni","body":"sunt repellendus quae\\nest asperiores aut deleniti esse accusamus repellendus quia aut\\nquia dolorem unde\\neum tempora esse dolore"},{"userId":8,"id":71,"title":"et iusto veniam et illum aut fuga","body":"occaecati a doloribus\\niste saepe consectetur placeat eum voluptate dolorem et\\nqui quo quia voluptas\\nrerum ut id enim velit est perferendis"},{"userId":8,"id":72,"title":"sint hic doloribus consequatur eos non id","body":"quam occaecati qui deleniti consectetur\\nconsequatur aut facere quas exercitationem aliquam hic voluptas\\nneque id sunt ut aut accusamus\\nsunt consectetur expedita inventore velit"},{"userId":8,"id":73,"title":"consequuntur deleniti eos quia temporibus ab aliquid at","body":"voluptatem cumque tenetur consequatur expedita ipsum nemo quia explicabo\\naut eum minima consequatur\\ntempore cumque quae est et\\net in consequuntur voluptatem voluptates aut"},{"userId":8,"id":74,"title":"enim unde ratione doloribus quas enim ut sit sapiente","body":"odit qui et et necessitatibus sint veniam\\nmollitia amet doloremque molestiae commodi similique magnam et quam\\nblanditiis est itaque\\nquo et tenetur ratione occaecati molestiae tempora"},{"userId":8,"id":75,"title":"dignissimos eum dolor ut enim et delectus in","body":"commodi non non omnis et voluptas sit\\nautem aut nobis magnam et sapiente voluptatem\\net laborum repellat qui delectus facilis temporibus\\nrerum amet et nemo voluptate expedita adipisci error dolorem"},{"userId":8,"id":76,"title":"doloremque officiis ad et non perferendis","body":"ut animi facere\\ntotam iusto tempore\\nmolestiae eum aut et dolorem aperiam\\nquaerat recusandae totam odio"},{"userId":8,"id":77,"title":"necessitatibus quasi exercitationem odio","body":"modi ut in nulla repudiandae dolorum nostrum eos\\naut consequatur omnis\\nut incidunt est omnis iste et quam\\nvoluptates sapiente aliquam asperiores nobis amet corrupti repudiandae provident"},{"userId":8,"id":78,"title":"quam voluptatibus rerum veritatis","body":"nobis facilis odit tempore cupiditate quia\\nassumenda doloribus rerum qui ea\\nillum et qui totam\\naut veniam repellendus"},{"userId":8,"id":79,"title":"pariatur consequatur quia magnam autem omnis non amet","body":"libero accusantium et et facere incidunt sit dolorem\\nnon excepturi qui quia sed laudantium\\nquisquam molestiae ducimus est\\nofficiis esse molestiae iste et quos"},{"userId":8,"id":80,"title":"labore in ex et explicabo corporis aut quas","body":"ex quod dolorem ea eum iure qui provident amet\\nquia qui facere excepturi et repudiandae\\nasperiores molestias provident\\nminus incidunt vero fugit rerum sint sunt excepturi provident"},{"userId":9,"id":81,"title":"tempora rem veritatis voluptas quo dolores vero","body":"facere qui nesciunt est voluptatum voluptatem nisi\\nsequi eligendi necessitatibus ea at rerum itaque\\nharum non ratione velit laboriosam quis consequuntur\\nex officiis minima doloremque voluptas ut aut"},{"userId":9,"id":82,"title":"laudantium voluptate suscipit sunt enim enim","body":"ut libero sit aut totam inventore sunt\\nporro sint qui sunt molestiae\\nconsequatur cupiditate qui iste ducimus adipisci\\ndolor enim assumenda soluta laboriosam amet iste delectus hic"},{"userId":9,"id":83,"title":"odit et voluptates doloribus alias odio et","body":"est molestiae facilis quis tempora numquam nihil qui\\nvoluptate sapiente consequatur est qui\\nnecessitatibus autem aut ipsa aperiam modi dolore numquam\\nreprehenderit eius rem quibusdam"},{"userId":9,"id":84,"title":"optio ipsam molestias necessitatibus occaecati facilis veritatis dolores aut","body":"sint molestiae magni a et quos\\neaque et quasi\\nut rerum debitis similique veniam\\nrecusandae dignissimos dolor incidunt consequatur odio"},{"userId":9,"id":85,"title":"dolore veritatis porro provident adipisci blanditiis et sunt","body":"similique sed nisi voluptas iusto omnis\\nmollitia et quo\\nassumenda suscipit officia magnam sint sed tempora\\nenim provident pariatur praesentium atque animi amet ratione"},{"userId":9,"id":86,"title":"placeat quia et porro iste","body":"quasi excepturi consequatur iste autem temporibus sed molestiae beatae\\net quaerat et esse ut\\nvoluptatem occaecati et vel explicabo autem\\nasperiores pariatur deserunt optio"},{"userId":9,"id":87,"title":"nostrum quis quasi placeat","body":"eos et molestiae\\nnesciunt ut a\\ndolores perspiciatis repellendus repellat aliquid\\nmagnam sint rem ipsum est"},{"userId":9,"id":88,"title":"sapiente omnis fugit eos","body":"consequatur omnis est praesentium\\nducimus non iste\\nneque hic deserunt\\nvoluptatibus veniam cum et rerum sed"},{"userId":9,"id":89,"title":"sint soluta et vel magnam aut ut sed qui","body":"repellat aut aperiam totam temporibus autem et\\narchitecto magnam ut\\nconsequatur qui cupiditate rerum quia soluta dignissimos nihil iure\\ntempore quas est"},{"userId":9,"id":90,"title":"ad iusto omnis odit dolor voluptatibus","body":"minus omnis soluta quia\\nqui sed adipisci voluptates illum ipsam voluptatem\\neligendi officia ut in\\neos soluta similique molestias praesentium blanditiis"},{"userId":10,"id":91,"title":"aut amet sed","body":"libero voluptate eveniet aperiam sed\\nsunt placeat suscipit molestias\\nsimilique fugit nam natus\\nexpedita consequatur consequatur dolores quia eos et placeat"},{"userId":10,"id":92,"title":"ratione ex tenetur perferendis","body":"aut et excepturi dicta laudantium sint rerum nihil\\nlaudantium et at\\na neque minima officia et similique libero et\\ncommodi voluptate qui"},{"userId":10,"id":93,"title":"beatae soluta recusandae","body":"dolorem quibusdam ducimus consequuntur dicta aut quo laboriosam\\nvoluptatem quis enim recusandae ut sed sunt\\nnostrum est odit totam\\nsit error sed sunt eveniet provident qui nulla"},{"userId":10,"id":94,"title":"qui qui voluptates illo iste minima","body":"aspernatur expedita soluta quo ab ut similique\\nexpedita dolores amet\\nsed temporibus distinctio magnam saepe deleniti\\nomnis facilis nam ipsum natus sint similique omnis"},{"userId":10,"id":95,"title":"id minus libero illum nam ad officiis","body":"earum voluptatem facere provident blanditiis velit laboriosam\\npariatur accusamus odio saepe\\ncumque dolor qui a dicta ab doloribus consequatur omnis\\ncorporis cupiditate eaque assumenda ad nesciunt"},{"userId":10,"id":96,"title":"quaerat velit veniam amet cupiditate aut numquam ut sequi","body":"in non odio excepturi sint eum\\nlabore voluptates vitae quia qui et\\ninventore itaque rerum\\nveniam non exercitationem delectus aut"},{"userId":10,"id":97,"title":"quas fugiat ut perspiciatis vero provident","body":"eum non blanditiis soluta porro quibusdam voluptas\\nvel voluptatem qui placeat dolores qui velit aut\\nvel inventore aut cumque culpa explicabo aliquid at\\nperspiciatis est et voluptatem dignissimos dolor itaque sit nam"},{"userId":10,"id":98,"title":"laboriosam dolor voluptates","body":"doloremque ex facilis sit sint culpa\\nsoluta assumenda eligendi non ut eius\\nsequi ducimus vel quasi\\nveritatis est dolores"},{"userId":10,"id":99,"title":"temporibus sit alias delectus eligendi possimus magni","body":"quo deleniti praesentium dicta non quod\\naut est molestias\\nmolestias et officia quis nihil\\nitaque dolorem quia"},{"userId":10,"id":
[...]
am sint possimus debitis occaecati\\ndebitis qui qui et\\nut placeat enim earum aut odit facilis\\nconsequatur suscipit necessitatibus rerum sed inventore temporibus consequatur"},{"userId":3,"id":28,"title":"delectus ullam et corporis nulla voluptas sequi","body":"non et quaerat ex quae ad maiores\\nmaiores recusandae totam aut blanditiis mollitia quas illo\\nut voluptatibus voluptatem\\nsimilique nostrum eum"},{"userId":3,"id":29,"title":"iusto eius quod necessitatibus culpa ea","body":"odit magnam ut saepe sed non qui\\ntempora atque nihil\\naccusamus illum doloribus illo dolor\\neligendi repudiandae odit magni similique sed cum maiores"},{"userId":3,"id":30,"title":"a quo magni similique perferendis","body":"alias dolor cumque\\nimpedit blanditiis non eveniet odio maxime\\nblanditiis amet eius quis tempora quia autem rem\\na provident perspiciatis quia"},{"userId":4,"id":31,"title":"ullam ut quidem id aut vel consequuntur","body":"debitis eius sed quibusdam non quis consectetur vitae\\nimpedit ut qui consequatur sed aut in\\nquidem sit nostrum et maiores adipisci atque\\nquaerat voluptatem adipisci repudiandae"},{"userId":4,"id":32,"title":"doloremque illum aliquid sunt","body":"deserunt eos nobis asperiores et hic\\nest debitis repellat molestiae optio\\nnihil ratione ut eos beatae quibusdam distinctio maiores\\nearum voluptates et aut adipisci ea maiores voluptas maxime"},{"userId":4,"id":33,"title":"qui explicabo molestiae dolorem","body":"rerum ut et numquam laborum odit est sit\\nid qui sint in\\nquasi tenetur tempore aperiam et quaerat qui in\\nrerum officiis sequi cumque quod"},{"userId":4,"id":34,"title":"magnam ut rerum iure","body":"ea velit perferendis earum ut voluptatem voluptate itaque iusto\\ntotam pariatur in\\nnemo voluptatem voluptatem autem magni tempora minima in\\nest distinctio qui assumenda accusamus dignissimos officia nesciunt nobis"},{"userId":4,"id":35,"title":"id nihil consequatur molestias animi provident","body":"nisi error delectus possimus ut eligendi vitae\\nplaceat eos harum cupiditate facilis reprehenderit voluptatem beatae\\nmodi ducimus quo illum voluptas eligendi\\net nobis quia fugit"},{"userId":4,"id":36,"title":"fuga nam accusamus voluptas reiciendis itaque","body":"ad mollitia et omnis minus architecto odit\\nvoluptas doloremque maxime aut non ipsa qui alias veniam\\nblanditiis culpa aut quia nihil cumque facere et occaecati\\nqui aspernatur quia eaque ut aperiam inventore"},{"userId":4,"id":37,"title":"provident vel ut sit ratione est","body":"debitis et eaque non officia sed nesciunt pariatur vel\\nvoluptatem iste vero et ea\\nnumquam aut expedita ipsum nulla in\\nvoluptates omnis consequatur aut enim officiis in quam qui"},{"userId":4,"id":38,"title":"explicabo et eos deleniti nostrum ab id repellendus","body":"animi esse sit aut sit nesciunt assumenda eum voluptas\\nquia voluptatibus provident quia necessitatibus ea\\nrerum repudiandae quia voluptatem delectus fugit aut id quia\\nratione optio eos iusto veniam iure"},{"userId":4,"id":39,"title":"eos dolorem iste accusantium est eaque quam","body":"corporis rerum ducimus vel eum accusantium\\nmaxime aspernatur a porro possimus iste omnis\\nest in deleniti asperiores fuga aut\\nvoluptas sapiente vel dolore minus voluptatem incidunt ex"},{"userId":4,"id":40,"title":"enim quo cumque","body":"ut voluptatum aliquid illo tenetur nemo sequi quo facilis\\nipsum rem optio mollitia quas\\nvoluptatem eum voluptas qui\\nunde omnis voluptatem iure quasi maxime voluptas nam"},{"userId":5,"id":41,"title":"non est facere","body":"molestias id nostrum\\nexcepturi molestiae dolore omnis repellendus quaerat saepe\\nconsectetur iste quaerat tenetur asperiores accusamus ex ut\\nnam quidem est ducimus sunt debitis saepe"},{"userId":5,"id":42,"title":"commodi ullam sint et excepturi error explicabo praesentium voluptas","body":"odio fugit voluptatum ducimus earum autem est incidunt voluptatem\\nodit reiciendis aliquam sunt sequi nulla dolorem\\nnon facere repellendus voluptates quia\\nratione harum vitae ut"},{"userId":5,"id":43,"title":"eligendi iste nostrum consequuntur adipisci praesentium sit beatae perferendis","body":"similique fugit est\\nillum et dolorum harum et voluptate eaque quidem\\nexercitationem quos nam commodi possimus cum odio nihil nulla\\ndolorum exercitationem magnam ex et a et distinctio debitis"},{"userId":5,"id":44,"title":"optio dolor molestias sit","body":"temporibus est consectetur dolore\\net libero debitis vel velit laboriosam quia\\nipsum quibusdam qui itaque fuga rem aut\\nea et iure quam sed maxime ut distinctio quae"},{"userId":5,"id":45,"title":"ut numquam possimus omnis eius suscipit laudantium iure","body":"est natus reiciendis nihil possimus aut provident\\nex et dolor\\nrepellat pariatur est\\nnobis rerum repellendus dolorem autem"},{"userId":5,"id":46,"title":"aut quo modi neque nostrum ducimus","body":"voluptatem quisquam iste\\nvoluptatibus natus officiis facilis dolorem\\nquis quas ipsam\\nvel et voluptatum in aliquid"},{"userId":5,"id":47,"title":"quibusdam cumque rem aut deserunt","body":"voluptatem assumenda ut qui ut cupiditate aut impedit veniam\\noccaecati nemo illum voluptatem laudantium\\nmolestiae beatae rerum ea iure soluta nostrum\\neligendi et voluptate"},{"userId":5,"id":48,"title":"ut voluptatem illum ea doloribus itaque eos","body":"voluptates quo voluptatem facilis iure occaecati\\nvel assumenda rerum officia et\\nillum perspiciatis ab deleniti\\nlaudantium repellat ad ut et autem reprehenderit"},{"userId":5,"id":49,"title":"laborum non sunt aut ut assumenda perspiciatis voluptas","body":"inventore ab sint\\nnatus fugit id nulla sequi architecto nihil quaerat\\neos tenetur in in eum veritatis non\\nquibusdam officiis aspernatur cumque aut commodi aut"},{"userId":5,"id":50,"title":"repellendus qui recusandae incidunt voluptates tenetur qui omnis exercitationem","body":"error suscipit maxime adipisci consequuntur recusandae\\nvoluptas eligendi et est et voluptates\\nquia distinctio ab amet quaerat molestiae et vitae\\nadipisci impedit sequi nesciunt quis consectetur"},{"userId":6,"id":51,"title":"soluta aliquam aperiam consequatur illo quis voluptas","body":"sunt dolores aut doloribus\\ndolore doloribus voluptates tempora et\\ndoloremque et quo\\ncum asperiores sit consectetur dolorem"},{"userId":6,"id":52,"title":"qui enim et consequuntur quia animi quis voluptate quibusdam","body":"iusto est quibusdam fuga quas quaerat molestias\\na enim ut sit accusamus enim\\ntemporibus iusto accusantium provident architecto\\nsoluta esse reprehenderit qui laborum"},{"userId":6,"id":53,"title":"ut quo aut ducimus alias","body":"minima harum praesentium eum rerum illo dolore\\nquasi exercitationem rerum nam\\nporro quis neque quo\\nconsequatur minus dolor quidem veritatis sunt non explicabo similique"},{"userId":6,"id":54,"title":"sit asperiores ipsam eveniet odio non quia","body":"totam corporis dignissimos\\nvitae dolorem ut occaecati accusamus\\nex velit deserunt\\net exercitationem vero incidunt corrupti mollitia"},{"userId":6,"id":55,"title":"sit vel voluptatem et non libero","body":"debitis excepturi ea perferendis harum libero optio\\neos accusamus cum fuga ut sapiente repudiandae\\net ut incidunt omnis molestiae\\nnihil ut eum odit"},{"userId":6,"id":56,"title":"qui et at rerum necessitatibus","body":"aut est omnis dolores\\nneque rerum quod ea rerum velit pariatur beatae excepturi\\net provident voluptas corrupti\\ncorporis harum reprehenderit dolores eligendi"},{"userId":6,"id":57,"title":"sed ab est est","body":"at pariatur consequuntur earum quidem\\nquo est laudantium soluta voluptatem\\nqui ullam et est\\net cum voluptas voluptatum repellat est"},{"userId":6,"id":58,"title":"voluptatum itaque dolores nisi et quasi","body":"veniam voluptatum quae adipisci id\\net id quia eos ad et dolorem\\naliquam quo nisi sunt eos impedit error\\nad similique veniam"},{"userId":6,"id":59,"title":"qui commodi dolor at maiores et quis id accusantium","body":"perspiciatis et quam ea autem temporibus non voluptatibus qui\\nbeatae a earum officia nesciunt dolores suscipit voluptas et\\nanimi doloribus cum rerum quas et magni\\net hic ut ut commodi expedita sunt"},{"userId":6,"id":60,"title":"consequatur placeat omnis quisquam quia reprehenderit fugit veritatis facere","body":"asperiores sunt ab assumenda cumque modi velit\\nqui esse omnis\\nvoluptate et fuga perferendis voluptas\\nillo ratione amet aut et omnis"},{"userId":7,"id":61,"title":"voluptatem doloribus consectetur est ut ducimus","body":"ab nemo optio odio\\ndelectus tenetur corporis similique nobis repellendus rerum omnis facilis\\nvero blanditiis debitis in nesciunt doloribus dicta dolores\\nmagnam minus velit"},{"userId":7,"id":62,"title":"beatae enim quia vel","body":"enim aspernatur illo distinctio quae praesentium\\nbeatae alias amet delectus qui voluptate distinctio\\nodit sint accusantium autem omnis\\nquo molestiae omnis ea eveniet optio"},{"userId":7,"id":63,"title":"voluptas blanditiis repellendus animi ducimus error sapiente et suscipit","body":"enim adipisci aspernatur nemo\\nnumquam omnis facere dolorem dolor ex quis temporibus incidunt\\nab delectus culpa quo reprehenderit blanditiis asperiores\\naccusantium ut quam in voluptatibus voluptas ipsam dicta"},{"userId":7,"id":64,"title":"et fugit quas eum in in aperiam quod","body":"id velit blanditiis\\neum ea voluptatem\\nmolestiae sint occaecati est eos perspiciatis\\nincidunt a error provident eaque aut aut qui"},{"userId":7,"id":65,"title":"consequatur id enim sunt et et","body":"voluptatibus ex esse\\nsint explicabo est aliquid cumque adipisci fuga repellat labore\\nmolestiae corrupti ex saepe at asperiores et perferendis\\nnatus id esse incidunt pariatur"},{"userId":7,"id":66,"title":"repudiandae ea animi iusto","body":"officia veritatis tenetur vero qui itaque\\nsint non ratione\\nsed et ut asperiores iusto eos molestiae nostrum\\nveritatis quibusdam et nemo iusto saepe"},{"userId":7,"id":67,"title":"aliquid eos sed fuga est maxime repellendus","body":"reprehenderit id nostrum\\nvoluptas doloremque pariatur sint et accusantium quia quod aspernatur\\net fugiat amet\\nnon sapiente et consequatur necessitatibus molestiae"},{"userId":7,"id":68,"title":"odio quis facere architecto reiciendis optio","body":"magnam molestiae perferendis quisquam\\nqui cum reiciendis\\nquaerat animi amet hic inventore\\nea quia deleniti quidem saepe porro velit"},{"userId":7,"id":69,"title":"fugiat quod pariatur odit minima","body":"officiis error culpa consequatur modi asperiores et\\ndolorum assumenda voluptas et vel qui aut vel rerum\\nvoluptatum quisquam perspiciatis quia rerum consequatur totam quas\\nsequi commodi repudiandae asperiores et saepe a"},{"userId":7,"id":70,"title":"voluptatem laborum magni","body":"sunt repellendus quae\\nest asperiores aut deleniti esse accusamus repellendus quia aut\\nquia dolorem unde\\neum tempora esse dolore"},{"userId":8,"id":71,"title":"et iusto veniam et illum aut fuga","body":"occaecati a doloribus\\niste saepe consectetur placeat eum voluptate dolorem et\\nqui quo quia voluptas\\nrerum ut id enim velit est perferendis"},{"userId":8,"id":72,"title":"sint hic doloribus consequatur eos non id","body":"quam occaecati qui deleniti consectetur\\nconsequatur aut facere quas exercitationem aliquam hic voluptas\\nneque id sunt ut aut accusamus\\nsunt consectetur expedita inventore velit"},{"userId":8,"id":73,"title":"consequuntur deleniti eos quia temporibus ab aliquid at","body":"voluptatem cumque tenetur consequatur expedita ipsum nemo quia explicabo\\naut eum minima consequatur\\ntempore cumque quae est et\\net in consequuntur voluptatem voluptates aut"},{"userId":8,"id":74,"title":"enim unde ratione doloribus quas enim ut sit sapiente","body":"odit qui et et necessitatibus sint veniam\\nmollitia amet doloremque molestiae commodi similique magnam et quam\\nblanditiis est itaque\\nquo et tenetur ratione occaecati molestiae tempora"},{"userId":8,"id":75,"title":"dignissimos eum dolor ut enim et delectus in","body":"commodi non non omnis et voluptas sit\\nautem aut nobis magnam et sapiente voluptatem\\net laborum repellat qui delectus facilis temporibus\\nrerum amet et nemo voluptate expedita adipisci error dolorem"},{"userId":8,"id":76,"title":"doloremque officiis ad et non perferendis","body":"ut animi facere\\ntotam iusto tempore\\nmolestiae eum aut et dolorem aperiam\\nquaerat recusandae totam odio"},{"userId":8,"id":77,"title":"necessitatibus quasi exercitationem odio","body":"modi ut in nulla repudiandae dolorum nostrum eos\\naut consequatur omnis\\nut incidunt est omnis iste et quam\\nvoluptates sapiente aliquam asperiores nobis amet corrupti repudiandae provident"},{"userId":8,"id":78,"title":"quam voluptatibus rerum veritatis","body":"nobis facilis odit tempore cupiditate quia\\nassumenda doloribus rerum qui ea\\nillum et qui totam\\naut veniam repellendus"},{"userId":8,"id":79,"title":"pariatur consequatur quia magnam autem omnis non amet","body":"libero accusantium et et facere incidunt sit dolorem\\nnon excepturi qui quia sed laudantium\\nquisquam molestiae ducimus est\\nofficiis esse molestiae iste et quos"},{"userId":8,"id":80,"title":"labore in ex et explicabo corporis aut quas","body":"ex quod dolorem ea eum iure qui provident amet\\nquia qui facere excepturi et repudiandae\\nasperiores molestias provident\\nminus incidunt vero fugit rerum sint sunt excepturi provident"},{"userId":9,"id":81,"title":"tempora rem veritatis voluptas quo dolores vero","body":"facere qui nesciunt est voluptatum voluptatem nisi\\nsequi eligendi necessitatibus ea at rerum itaque\\nharum non ratione velit laboriosam quis consequuntur\\nex officiis minima doloremque voluptas ut aut"},{"userId":9,"id":82,"title":"laudantium voluptate suscipit sunt enim enim","body":"ut libero sit aut totam inventore sunt\\nporro sint qui sunt molestiae\\nconsequatur cupiditate qui iste ducimus adipisci\\ndolor enim assumenda soluta laboriosam amet iste delectus hic"},{"userId":9,"id":83,"title":"odit et voluptates doloribus alias odio et","body":"est molestiae facilis quis tempora numquam nihil qui\\nvoluptate sapiente consequatur est qui\\nnecessitatibus autem aut ipsa aperiam modi dolore numquam\\nreprehenderit eius rem quibusdam"},{"userId":9,"id":84,"title":"optio ipsam molestias necessitatibus occaecati facilis veritatis dolores aut","body":"sint molestiae magni a et quos\\neaque et quasi\\nut rerum debitis similique veniam\\nrecusandae dignissimos dolor incidunt consequatur odio"},{"userId":9,"id":85,"title":"dolore veritatis porro provident adipisci blanditiis et sunt","body":"similique sed nisi voluptas iusto omnis\\nmollitia et quo\\nassumenda suscipit officia magnam sint sed tempora\\nenim provident pariatur praesentium atque animi amet ratione"},{"userId":9,"id":86,"title":"placeat quia et porro iste","body":"quasi excepturi consequatur iste autem temporibus sed molestiae beatae\\net quaerat et esse ut\\nvoluptatem occaecati et vel explicabo autem\\nasperiores pariatur deserunt optio"},{"userId":9,"id":87,"title":"nostrum quis quasi placeat","body":"eos et molestiae\\nnesciunt ut a\\ndolores perspiciatis repellendus repellat aliquid\\nmagnam sint rem ipsum est"},{"userId":9,"id":88,"title":"sapiente omnis fugit eos","body":"consequatur omnis est praesentium\\nducimus non iste\\nneque hic deserunt\\nvoluptatibus veniam cum et rerum sed"},{"userId":9,"id":89,"title":"sint soluta et vel magnam aut ut sed qui","body":"repellat aut aperiam totam temporibus autem et\\narchitecto magnam ut\\nconsequatur qui cupiditate rerum quia soluta dignissimos nihil iure\\ntempore quas est"},{"userId":9,"id":90,"title":"ad iusto omnis odit dolor voluptatibus","body":"minus omnis soluta quia\\nqui sed adipisci voluptates illum ipsam voluptatem\\neligendi officia ut in\\neos soluta similique molestias praesentium blanditiis"},{"userId":10,"id":91,"title":"aut amet sed","body":"libero voluptate eveniet aperiam sed\\nsunt placeat suscipit molestias\\nsimilique fugit nam natus\\nexpedita consequatur consequatur dolores quia eos et placeat"},{"userId":10,"id":92,"title":"ratione ex tenetur perferendis","body":"aut et excepturi dicta laudantium sint rerum nihil\\nlaudantium et at\\na neque minima officia et similique libero et\\ncommodi voluptate qui"},{"userId":10,"id":93,"title":"beatae soluta recusandae","body":"dolorem quibusdam ducimus consequuntur dicta aut quo laboriosam\\nvoluptatem quis enim recusandae ut sed sunt\\nnostrum est odit totam\\nsit error sed sunt eveniet provident qui nulla"},{"userId":10,"id":94,"title":"qui qui voluptates illo iste minima","body":"aspernatur expedita soluta quo ab ut similique\\nexpedita dolores amet\\nsed temporibus distinctio magnam saepe deleniti\\nomnis facilis nam ipsum natus sint similique omnis"},{"userId":10,"id":95,"title":"id minus libero illum nam ad officiis","body":"earum voluptatem facere provident blanditiis velit laboriosam\\npariatur accusamus odio saepe\\ncumque dolor qui a dicta ab doloribus consequatur omnis\\ncorporis cupiditate eaque assumenda ad nesciunt"},{"userId":10,"id":96,"title":"quaerat velit veniam amet cupiditate aut numquam ut sequi","body":"in non odio excepturi sint eum\\nlabore voluptates vitae quia qui et\\ninventore itaque rerum\\nveniam non exercitationem delectus aut"},{"userId":10,"id":97,"title":"quas fugiat ut perspiciatis vero provident","body":"eum non blanditiis soluta porro quibusdam voluptas\\nvel voluptatem qui placeat dolores qui velit aut\\nvel inventore aut cumque culpa explicabo aliquid at\\nperspiciatis est et voluptatem dignissimos dolor itaque sit nam"},{"userId":10,"id":98,"title":"laboriosam dolor voluptates","body":"doloremque ex facilis sit sint culpa\\nsoluta assumenda eligendi non ut eius\\nsequi ducimus vel quasi\\nveritatis est dolores"},{"userId":10,"id":99,"title":"temporibus sit alias delectus eligendi possimus magni","body":"quo deleniti praesentium dicta non quod\\naut est molestias\\nmolestias et officia quis nihil\\nitaque dolorem quia"},{"userId":10,"id":100,"title":"at nam consequatur ea labore ea harum","body":"cupiditate quo est a modi nesciunt soluta\\nipsa voluptas error itaque dicta in\\nautem qui minus magnam et distinctio eum\\naccusamus ratione error aut"}]'</msg>
<msg time="2025-12-21T21:45:23.390690" level="INFO">${posts} = [{"userId":1,"id":1,"title":"sunt aut facere repellat provident occaecati excepturi optio reprehenderit","body":"quia et suscipit\nsuscipit recusandae consequuntur expedita et cum\nreprehenderit moles...</msg>
<var>${posts}</var>
<arg>css=[data-cy="display-data"]</arg>
<tag>Assertion</tag>
<tag>Getter</tag>
<tag>PageContent</tag>
<doc>Returns text attribute of the element found by ``selector``.</doc>
<status status="PASS" start="2025-12-21T21:45:23.376583" elapsed="0.014134"/>
</kw>
<kw name="Should Not Be Empty" owner="BuiltIn">
<msg time="2025-12-21T21:45:23.391417" level="INFO">Length is 24519.</msg>
<arg>${posts}</arg>
<doc>Verifies that the given item is not empty.</doc>
<status status="PASS" start="2025-12-21T21:45:23.391014" elapsed="0.000447"/>
</kw>
<status status="PASS" start="2025-12-21T21:45:23.346337" elapsed="0.045313"/>
</test>
<kw name="Close Browser" owner="keywords" type="TEARDOWN">
<kw name="Close Browser" owner="Browser">
<msg time="2025-12-21T21:45:23.486882" level="INFO">Closed browser</msg>
<tag>BrowserControl</tag>
<tag>Setter</tag>
<doc>Closes the current browser.</doc>
<status status="PASS" start="2025-12-21T21:45:23.395311" elapsed="0.091723"/>
</kw>
<status status="PASS" start="2025-12-21T21:45:23.395083" elapsed="0.092055"/>
</kw>
<status status="PASS" start="2025-12-21T21:45:17.932315" elapsed="5.554858"/>
</suite>
<statistics>
<total>
<stat pass="9" fail="0" skip="0">All Tests</stat>
</total>
<tag>
</tag>
<suite>
<stat name="allTests" id="s1" pass="9" fail="0" skip="0">allTests</stat>
</suite>
</statistics>
<errors>
</errors>
</robot>
